10:07:09.192 [main] INFO  TestLoginLogout - ******Starting to Validate Login and Logout functionality of Chilis WebApp******
10:07:11.259 [main] INFO  TestLoginLogout - Starting QA site validation
10:07:13.369 [main] INFO  TestLoginLogout - QA site launch is successful, Site Name : https://qa3.chilis.com/
10:07:17.312 [main] INFO  TestLoginLogout - Pop up closed
10:07:22.006 [main] INFO  TestLoginLogout - Menu button clicked
10:07:26.805 [main] INFO  TestLoginLogout - Login option selected
10:07:34.278 [main] INFO  TestLoginLogout - User name (512) 212-1212 entered
10:07:39.991 [main] INFO  TestLoginLogout - Password Brinkers@2021 entered
10:07:41.978 [main] INFO  TestLoginLogout - Sign in button clicked
10:07:54.063 [main] INFO  TestLoginLogout - Menu button clicked
10:07:56.651 [main] INFO  TestLoginLogout - Logout button clicked
10:08:01.665 [main] INFO  TestLoginLogout - Login header displayed : LOG IN
10:36:43.347 [main] INFO  TestLoginLogout - ******Starting to Validate Login and Logout functionality of Chilis WebApp******
10:36:44.445 [main] INFO  TestLoginLogout - Starting QA site validation
10:36:46.538 [main] INFO  TestLoginLogout - QA site launch is successful, Site Name : https://qa3.chilis.com/
10:36:50.699 [main] INFO  TestLoginLogout - Pop up closed
10:36:55.562 [main] INFO  TestLoginLogout - Menu button clicked
10:37:00.423 [main] INFO  TestLoginLogout - Login option selected
10:37:09.646 [main] INFO  TestLoginLogout - User name (512) 212-1212 entered
10:37:16.199 [main] INFO  TestLoginLogout - Password Brinkers@2021 entered
10:37:18.657 [main] INFO  TestLoginLogout - Sign in button clicked
10:37:29.921 [main] INFO  TestLoginLogout - Menu button clicked
10:37:32.993 [main] INFO  TestLoginLogout - Logout button clicked
10:37:38.422 [main] INFO  TestLoginLogout - Login header displayed : LOG IN
10:45:52.512 [main] INFO  TestLoginLogout - ******Starting to Validate Login and Logout functionality of Chilis WebApp******
10:45:53.537 [main] INFO  TestLoginLogout - Starting QA site validation
10:45:55.791 [main] INFO  TestLoginLogout - QA site launch is successful, Site Name : https://qa3.chilis.com/
10:46:00.070 [main] INFO  TestLoginLogout - Pop up closed
10:46:04.695 [main] INFO  TestLoginLogout - Menu button clicked
10:46:09.812 [main] INFO  TestLoginLogout - Login option selected
10:46:19.237 [main] INFO  TestLoginLogout - User name (512) 212-1212 entered
10:46:25.890 [main] INFO  TestLoginLogout - Password Brinkers@2021 entered
10:46:28.142 [main] INFO  TestLoginLogout - Sign in button clicked
10:46:40.988 [main] INFO  TestLoginLogout - Menu button clicked
10:46:43.701 [main] INFO  TestLoginLogout - Logout button clicked
10:46:48.008 [main] INFO  TestLoginLogout - Login header displayed : LOG IN
10:56:16.781 [main] INFO  TestLoginLogout - ******Starting to Validate Login and Logout functionality of Chilis WebApp******
10:56:17.804 [main] INFO  TestLoginLogout - Starting QA site validation
10:56:19.715 [main] INFO  TestLoginLogout - QA site launch is successful, Site Name : https://qa3.chilis.com/
10:56:24.118 [main] INFO  TestLoginLogout - Pop up closed
10:56:28.931 [main] INFO  TestLoginLogout - Menu button clicked
10:56:33.845 [main] INFO  TestLoginLogout - Login option selected
10:56:42.300 [main] INFO  TestLoginLogout - User name (512) 212-1212 entered
10:56:47.978 [main] INFO  TestLoginLogout - Password Brinkers@2021 entered
10:56:50.229 [main] INFO  TestLoginLogout - Sign in button clicked
10:57:01.381 [main] INFO  TestLoginLogout - Menu button clicked
10:57:04.168 [main] INFO  TestLoginLogout - Logout button clicked
10:57:09.481 [main] INFO  TestLoginLogout - Login header displayed : LOG IN
11:16:02.308 [main] INFO  TestLoginLogout - ******Starting to Validate Login and Logout functionality of Chilis WebApp******
11:16:03.361 [main] INFO  TestLoginLogout - Starting QA site validation
11:16:05.696 [main] INFO  TestLoginLogout - QA site launch is successful, Site Name : https://qa3.chilis.com/
11:16:10.080 [main] INFO  TestLoginLogout - Pop up closed
11:16:14.943 [main] INFO  TestLoginLogout - Menu button clicked
11:16:19.942 [main] INFO  TestLoginLogout - Login option selected
11:16:29.075 [main] INFO  TestLoginLogout - User name (512) 212-1212 entered
11:16:35.632 [main] INFO  TestLoginLogout - Password Brinkers@2021 entered
11:16:37.958 [main] INFO  TestLoginLogout - Sign in button clicked
11:16:49.247 [main] INFO  TestLoginLogout - Menu button clicked
11:16:52.421 [main] INFO  TestLoginLogout - Logout button clicked
11:16:57.952 [main] INFO  TestLoginLogout - Login header displayed : LOG IN
11:20:23.256 [main] INFO  TestLoginLogout - ******Starting to Validate Login and Logout functionality of Chilis WebApp******
11:20:24.565 [main] INFO  TestLoginLogout - Starting QA site validation
11:20:26.677 [main] INFO  TestLoginLogout - QA site launch is successful, Site Name : https://qa3.chilis.com/
11:20:30.905 [main] INFO  TestLoginLogout - Pop up closed
11:20:45.918 [main] ERROR TestLoginLogout - Menu button click failed
11:20:45.918 [main] ERROR TestLoginLogout - Expected condition failed: waiting for element to be clickable: By.xpath: //*[@id='header-container']/a[3]abcdd (tried for 15 second(s) with 500 milliseconds interval)
12:12:25.996 [main] INFO  TestLoginLogout - ******Starting to Validate Login and Logout functionality of Chilis WebApp******
12:12:28.599 [main] INFO  TestLoginLogout - Starting QA site validation
12:12:30.698 [main] INFO  TestLoginLogout - QA site launch is successful, Site Name : https://qa3.chilis.com/
12:12:35.064 [main] INFO  TestLoginLogout - Pop up closed
12:12:50.932 [main] ERROR TestLoginLogout - Menu button click failed
12:12:50.933 [main] ERROR TestLoginLogout - Expected condition failed: waiting for element to be clickable: By.xpath: //*[@id='header-container']/a[3]abcdd (tried for 15 second(s) with 500 milliseconds interval)
12:16:43.602 [main] INFO  TestLoginLogout - ******Starting to Validate Login and Logout functionality of Chilis WebApp******
12:16:45.118 [main] INFO  TestLoginLogout - Starting QA site validation
12:16:47.529 [main] INFO  TestLoginLogout - QA site launch is successful, Site Name : https://qa3.chilis.com/
12:16:52.184 [main] INFO  TestLoginLogout - Pop up closed
12:17:07.887 [main] ERROR TestLoginLogout - Menu button click failed
12:17:07.888 [main] ERROR TestLoginLogout - Expected condition failed: waiting for element to be clickable: By.xpath: //*[@id='header-container']/a[3]abcdd (tried for 15 second(s) with 500 milliseconds interval)
12:19:41.832 [main] INFO  TestLoginLogout - ******Starting to Validate Login and Logout functionality of Chilis WebApp******
12:19:42.968 [main] INFO  TestLoginLogout - Starting QA site validation
12:19:45.550 [main] INFO  TestLoginLogout - QA site launch is successful, Site Name : https://qa3.chilis.com/
12:19:50.363 [main] INFO  TestLoginLogout - Pop up closed
12:20:06.237 [main] ERROR TestLoginLogout - Menu button click failed
12:20:06.244 [main] ERROR TestLoginLogout - Expected condition failed: waiting for element to be clickable: By.xpath: //*[@id='header-container']/a[3]abcdd (tried for 15 second(s) with 500 milliseconds interval)
12:25:57.522 [main] INFO  TestLoginLogout - ******Starting to Validate Login and Logout functionality of Chilis WebApp******
12:25:58.589 [main] INFO  TestLoginLogout - Starting QA site validation
12:26:00.790 [main] INFO  TestLoginLogout - QA site launch is successful, Site Name : https://qa3.chilis.com/
12:26:05.324 [main] INFO  TestLoginLogout - Pop up closed
12:26:20.733 [main] ERROR TestLoginLogout - Menu button click failed
12:26:20.740 [main] ERROR TestLoginLogout - Expected condition failed: waiting for element to be clickable: By.xpath: //*[@id='header-container']/a[3]abcdd (tried for 15 second(s) with 500 milliseconds interval)
12:29:51.850 [main] INFO  TestLoggedInOrder - ******STARTING TEST LOGGED IN ORDER******
12:30:13.664 [main] INFO  TestLoggedInOrder - ******STARTING TEST LOGGED IN ORDER******
12:34:10.113 [main] INFO  TestLoggedInOrder - ******STARTING TEST LOGGED IN ORDER******
12:34:11.225 [main] INFO  TestLoggedInOrder - Starting QA site validation
12:34:13.503 [main] INFO  TestLoggedInOrder - QA site launch is successful, Site Name : https://qa3.chilis.com/
12:34:18.417 [main] INFO  TestLoggedInOrder - Pop up closed
12:34:33.532 [main] ERROR TestLoggedInOrder - Menu button click failed
12:34:33.544 [main] ERROR TestLoggedInOrder - Expected condition failed: waiting for element to be clickable: By.xpath: //*[@id='header-container']/a[3]abcdd (tried for 15 second(s) with 500 milliseconds interval)
12:37:15.150 [main] INFO  TestLoggedInOrder - ******STARTING TEST LOGGED IN ORDER******
12:37:16.635 [main] INFO  TestLoggedInOrder - Starting QA site validation
12:37:26.851 [main] INFO  TestLoggedInOrder - QA site launch is successful, Site Name : https://qa3.chilis.com/
12:37:46.533 [main] INFO  TestLoggedInOrder - Pop up closed
12:38:02.364 [main] INFO  TestLoggedInOrder - Menu button clicked
12:38:19.166 [main] INFO  TestLoggedInOrder - Login option selected
12:40:05.579 [main] ERROR TestLoggedInOrder - Could not enter user name
12:40:05.579 [main] ERROR TestLoggedInOrder - Expected condition failed: waiting for presence of element located by: By.xpath: //input[@id='username'] (tried for 15 second(s) with 500 milliseconds interval)
12:41:08.605 [main] INFO  TestLoggedInOrder - ******STARTING TEST LOGGED IN ORDER******
12:41:10.330 [main] INFO  TestLoggedInOrder - Starting QA site validation
12:41:12.476 [main] INFO  TestLoggedInOrder - QA site launch is successful, Site Name : https://qa3.chilis.com/
12:41:16.932 [main] INFO  TestLoggedInOrder - Pop up closed
12:41:22.057 [main] INFO  TestLoggedInOrder - Menu button clicked
12:41:27.301 [main] INFO  TestLoggedInOrder - Login option selected
12:41:37.209 [main] INFO  TestLoggedInOrder - User name (512) 212-1212 entered
12:41:43.761 [main] INFO  TestLoggedInOrder - Password Brinkers@2021 entered
12:41:46.118 [main] INFO  TestLoggedInOrder - Sign in button clicked
12:41:57.687 [main] INFO  TestLoggedInOrder - Menu button clicked
12:42:03.216 [main] INFO  TestLoggedInOrder - Location option selected
12:42:09.980 [main] INFO  TestLoggedInOrder - Restaurant location entered as Addison, TX 75001, USA
12:42:16.017 [main] INFO  TestLoggedInOrder - Search button clicked
12:42:30.660 [main] INFO  TestLoggedInOrder - Site scrolled and order button clicked
12:42:50.014 [main] INFO  TestLoggedInOrder - Chilis favourite Item Original Full Order Ribs selected
12:43:01.994 [main] INFO  TestLoggedInOrder - View Cart clicked
12:43:11.300 [main] INFO  TestLoggedInOrder - Silver ware opted in
12:43:16.356 [main] INFO  TestLoggedInOrder - Order checked Out
12:43:38.161 [main] ERROR TestLoggedInOrder - Failed to click Payment button
12:43:38.163 [main] ERROR TestLoggedInOrder - Expected condition failed: waiting for presence of element located by: By.xpath: //div[@class='heading-secondary order-total-label'] (tried for 15 second(s) with 500 milliseconds interval)
