09:56:03.378 [main] INFO  TestAddMyVisit - ******STARTING TEST ADD MY VISIT******
09:56:06.501 [main] INFO  TestAddMyVisit - Starting QA site validation
09:56:08.843 [main] INFO  TestAddMyVisit - QA site launch is successful, Site Name : https://qa3.chilis.com/
09:56:13.029 [main] INFO  TestAddMyVisit - Pop up closed
09:56:17.587 [main] INFO  TestAddMyVisit - Menu button clicked
09:56:22.574 [main] INFO  TestAddMyVisit - Login option selected
09:56:30.410 [main] INFO  TestAddMyVisit - User name (512) 212-1212 entered
09:56:36.519 [main] INFO  TestAddMyVisit - Password Brinkers@2021 entered
09:56:38.778 [main] INFO  TestAddMyVisit - Sign in button clicked
09:56:55.211 [main] INFO  TestAddMyVisit - Add my visit button clicked
09:57:08.248 [main] INFO  TestAddMyVisit - Restaurant location entered as : Addison, TX 75001, USA
09:57:20.819 [main] INFO  TestAddMyVisit - Chilis location selected as : Addison - 4500 Beltline Rd., Dallas, TX 75001
09:57:39.094 [main] ERROR TestAddMyVisit - Visit month selection failed
09:57:39.095 [main] ERROR TestAddMyVisit - no such element (An element could not be located on the page using the given search parameters (XPATH='//android.widget.CheckedTextView[@text='April' and @id='text1']'))  (WARNING: The server did not provide any stacktrace information)
Command duration or timeout: 0 milliseconds
For documentation on this error, please visit: http://seleniumhq.org/exceptions/no_such_element.html
Build info: version: '3.12.0', revision: '7c6e0b3', time: '2018-05-08T14:04:26.12Z'
System info: host: 'LAPTOP-2HJFJ1OT', ip: '192.168.29.229', os.name: 'Windows 10', os.arch: 'amd64', os.version: '10.0', java.version: '1.8.0_281'
Driver info: io.appium.java_client.android.AndroidDriver
Capabilities {appBuildVersion: , appReleaseVersion: , appiumVersion: 1.8.0, applicationClearData: false, autoAcceptAlerts: false, autoDismissAlerts: false, autoGrantPermissions: false, autoWebview: false, browserName: Chromium, cloudViewLink: https://cloud.seetest.io:44..., commandTimeouts: 120000, desired: {browserName: Chromium, deviceQuery: @os='android' and @version=..., platformName: Android, testName: Quick Start Android Browser...}, device.category: PHONE, device.majorVersion: 8, device.manufacture: samsung, device.model: SM-G930F, device.name: samsung Galaxy S7 IO IL 086, device.os: Android, device.screenSize: 1080x1920, device.serialNumber: 98866742375a394e33, device.version: 8.0.0, deviceQuery: @os='android' and @version=..., deviceUDID: 98866742375a394e33, dontGoHomeOnQuit: false, dontStopAppOnReset: false, ehmPrefixUrl: /agent-6292135, ehmUrl: https://cloud.seetest.io:44..., fullReset: false, gridNodePort: 7806, install.only.for.update: false, installOnlyForUpdate: false, instrumentApp: false, javascriptEnabled: true, keystorePath: ~/.android/debug.keystore, locationServicesAuthorized: false, newSessionWaitTimeout: 600.0, noReset: false, platform: ANDROID, platformName: Android, projectName: , reportDirectory: reports, reportFormat: xml, reportTestId: 1110.0, reportUrl: https://cloud.seetest.io:44..., reservationDuration: 240.0, takeScreenshots: true, test.type: Mobile, testName: Quick Start Android Browser..., udid: 98866742375a394e33, useKeystore: false, waitForDeviceTimeout: 120000.0}
Session ID: CLOUD-SID:2021-05-31_00-25-33-e5746be4-b15c-464a-84a9-5e20a94986f1
*** Element info: {Using=xpath, value=//android.widget.CheckedTextView[@text='April' and @id='text1']}
10:03:42.009 [main] INFO  TestAddMyVisit - ******STARTING TEST ADD MY VISIT******
10:03:43.232 [main] INFO  TestAddMyVisit - Starting QA site validation
10:03:45.538 [main] INFO  TestAddMyVisit - QA site launch is successful, Site Name : https://qa3.chilis.com/
10:03:49.930 [main] INFO  TestAddMyVisit - Pop up closed
10:03:54.606 [main] INFO  TestAddMyVisit - Menu button clicked
10:03:59.489 [main] INFO  TestAddMyVisit - Login option selected
10:04:08.058 [main] INFO  TestAddMyVisit - User name (512) 212-1212 entered
10:04:14.144 [main] INFO  TestAddMyVisit - Password Brinkers@2021 entered
10:04:16.351 [main] INFO  TestAddMyVisit - Sign in button clicked
10:04:22.093 [main] ERROR TestAddMyVisit - Add my visit button click failed
10:04:22.094 [main] ERROR TestAddMyVisit - no such element (An element could not be located on the page using the given search parameters (XPATH='//button[text()='Add My Visit']'))  (WARNING: The server did not provide any stacktrace information)
Command duration or timeout: 0 milliseconds
For documentation on this error, please visit: http://seleniumhq.org/exceptions/no_such_element.html
Build info: version: '3.12.0', revision: '7c6e0b3', time: '2018-05-08T14:04:26.12Z'
System info: host: 'LAPTOP-2HJFJ1OT', ip: '192.168.29.229', os.name: 'Windows 10', os.arch: 'amd64', os.version: '10.0', java.version: '1.8.0_281'
Driver info: io.appium.java_client.android.AndroidDriver
Capabilities {appBuildVersion: , appReleaseVersion: , appiumVersion: 1.8.0, applicationClearData: false, autoAcceptAlerts: false, autoDismissAlerts: false, autoGrantPermissions: false, autoWebview: false, browserName: Chromium, cloudViewLink: https://cloud.seetest.io:44..., commandTimeouts: 120000, desired: {browserName: Chromium, deviceQuery: @os='android' and @version=..., platformName: Android, testName: Quick Start Android Browser...}, device.category: PHONE, device.majorVersion: 8, device.manufacture: samsung, device.model: SM-G930F, device.name: samsung Galaxy S7 IO IL 086, device.os: Android, device.screenSize: 1080x1920, device.serialNumber: 98866742375a394e33, device.version: 8.0.0, deviceQuery: @os='android' and @version=..., deviceUDID: 98866742375a394e33, dontGoHomeOnQuit: false, dontStopAppOnReset: false, ehmPrefixUrl: /agent-6292135, ehmUrl: https://cloud.seetest.io:44..., fullReset: false, gridNodePort: 7807, install.only.for.update: false, installOnlyForUpdate: false, instrumentApp: false, javascriptEnabled: true, keystorePath: ~/.android/debug.keystore, locationServicesAuthorized: false, newSessionWaitTimeout: 600.0, noReset: false, platform: ANDROID, platformName: Android, projectName: , reportDirectory: reports, reportFormat: xml, reportTestId: 1111.0, reportUrl: https://cloud.seetest.io:44..., reservationDuration: 240.0, takeScreenshots: true, test.type: Mobile, testName: Quick Start Android Browser..., udid: 98866742375a394e33, useKeystore: false, waitForDeviceTimeout: 120000.0}
Session ID: CLOUD-SID:2021-05-31_00-33-11-b235153e-5440-47d7-9561-3ab600998609
*** Element info: {Using=xpath, value=//button[text()='Add My Visit']}
10:05:15.178 [main] INFO  TestAddMyVisit - ******STARTING TEST ADD MY VISIT******
10:05:16.476 [main] INFO  TestAddMyVisit - Starting QA site validation
10:05:18.749 [main] INFO  TestAddMyVisit - QA site launch is successful, Site Name : https://qa3.chilis.com/
10:05:22.926 [main] INFO  TestAddMyVisit - Pop up closed
10:05:27.626 [main] INFO  TestAddMyVisit - Menu button clicked
10:05:32.498 [main] INFO  TestAddMyVisit - Login option selected
10:05:40.812 [main] INFO  TestAddMyVisit - User name (512) 212-1212 entered
10:05:46.981 [main] INFO  TestAddMyVisit - Password Brinkers@2021 entered
10:05:49.242 [main] INFO  TestAddMyVisit - Sign in button clicked
10:06:02.557 [main] INFO  TestAddMyVisit - Add my visit button clicked
10:06:15.193 [main] INFO  TestAddMyVisit - Restaurant location entered as : Addison, TX 75001, USA
10:06:28.174 [main] INFO  TestAddMyVisit - Chilis location selected as : Addison - 4500 Beltline Rd., Dallas, TX 75001
10:06:36.547 [main] ERROR TestAddMyVisit - Visit month selection failed
10:06:36.548 [main] ERROR TestAddMyVisit - invalid selector (Argument was an invalid selector (e.g. XPath/CSS). xpath = //*[text()='April')  (WARNING: The server did not provide any stacktrace information)
Command duration or timeout: 0 milliseconds
For documentation on this error, please visit: http://seleniumhq.org/exceptions/invalid_selector_exception.html
Build info: version: '3.12.0', revision: '7c6e0b3', time: '2018-05-08T14:04:26.12Z'
System info: host: 'LAPTOP-2HJFJ1OT', ip: '192.168.29.229', os.name: 'Windows 10', os.arch: 'amd64', os.version: '10.0', java.version: '1.8.0_281'
Driver info: io.appium.java_client.android.AndroidDriver
Capabilities {appBuildVersion: , appReleaseVersion: , appiumVersion: 1.8.0, applicationClearData: false, autoAcceptAlerts: false, autoDismissAlerts: false, autoGrantPermissions: false, autoWebview: false, browserName: Chromium, cloudViewLink: https://cloud.seetest.io:44..., commandTimeouts: 120000, desired: {browserName: Chromium, deviceQuery: @os='android' and @version=..., platformName: Android, testName: Quick Start Android Browser...}, device.category: PHONE, device.majorVersion: 8, device.manufacture: samsung, device.model: SM-G930F, device.name: samsung Galaxy S7 IO IL 086, device.os: Android, device.screenSize: 1080x1920, device.serialNumber: 98866742375a394e33, device.version: 8.0.0, deviceQuery: @os='android' and @version=..., deviceUDID: 98866742375a394e33, dontGoHomeOnQuit: false, dontStopAppOnReset: false, ehmPrefixUrl: /agent-6292135, ehmUrl: https://cloud.seetest.io:44..., fullReset: false, gridNodePort: 7808, install.only.for.update: false, installOnlyForUpdate: false, instrumentApp: false, javascriptEnabled: true, keystorePath: ~/.android/debug.keystore, locationServicesAuthorized: false, newSessionWaitTimeout: 600.0, noReset: false, platform: ANDROID, platformName: Android, projectName: , reportDirectory: reports, reportFormat: xml, reportTestId: 1112.0, reportUrl: https://cloud.seetest.io:44..., reservationDuration: 240.0, takeScreenshots: true, test.type: Mobile, testName: Quick Start Android Browser..., udid: 98866742375a394e33, useKeystore: false, waitForDeviceTimeout: 120000.0}
Session ID: CLOUD-SID:2021-05-31_00-34-47-9b0881c4-5f17-4859-9d79-29ec6be32b79
*** Element info: {Using=xpath, value=//*[text()='April'}
10:07:48.841 [main] INFO  TestAddMyVisit - ******STARTING TEST ADD MY VISIT******
10:07:50.576 [main] INFO  TestAddMyVisit - Starting QA site validation
10:07:52.582 [main] INFO  TestAddMyVisit - QA site launch is successful, Site Name : https://qa3.chilis.com/
10:07:56.798 [main] INFO  TestAddMyVisit - Pop up closed
10:08:01.293 [main] INFO  TestAddMyVisit - Menu button clicked
10:08:06.668 [main] INFO  TestAddMyVisit - Login option selected
10:08:15.933 [main] ERROR TestAddMyVisit - Could not enter user name
10:08:15.934 [main] ERROR TestAddMyVisit - unknown error (An unknown server-side error occurred. status='false'. Failed to complete internal method: 'elementSendText args: [WEB, xpath=(//*[cmd:equalsIgnoreCase(@nodeName,'input')][@id='username'])[1], 0, ]', details: )  (WARNING: The server did not provide any stacktrace information)
Command duration or timeout: 0 milliseconds
Build info: version: '3.12.0', revision: '7c6e0b3', time: '2018-05-08T14:04:26.12Z'
System info: host: 'LAPTOP-2HJFJ1OT', ip: '192.168.29.229', os.name: 'Windows 10', os.arch: 'amd64', os.version: '10.0', java.version: '1.8.0_281'
Driver info: io.appium.java_client.android.AndroidDriver
Capabilities {appBuildVersion: , appReleaseVersion: , appiumVersion: 1.8.0, applicationClearData: false, autoAcceptAlerts: false, autoDismissAlerts: false, autoGrantPermissions: false, autoWebview: false, browserName: Chromium, cloudViewLink: https://cloud.seetest.io:44..., commandTimeouts: 120000, desired: {browserName: Chromium, deviceQuery: @os='android' and @version=..., platformName: Android, testName: Quick Start Android Browser...}, device.category: PHONE, device.majorVersion: 8, device.manufacture: samsung, device.model: SM-G930F, device.name: samsung Galaxy S7 IO IL 086, device.os: Android, device.screenSize: 1080x1920, device.serialNumber: 98866742375a394e33, device.version: 8.0.0, deviceQuery: @os='android' and @version=..., deviceUDID: 98866742375a394e33, dontGoHomeOnQuit: false, dontStopAppOnReset: false, ehmPrefixUrl: /agent-6292135, ehmUrl: https://cloud.seetest.io:44..., fullReset: false, gridNodePort: 7809, install.only.for.update: false, installOnlyForUpdate: false, instrumentApp: false, javascriptEnabled: true, keystorePath: ~/.android/debug.keystore, locationServicesAuthorized: false, newSessionWaitTimeout: 600.0, noReset: false, platform: ANDROID, platformName: Android, projectName: , reportDirectory: reports, reportFormat: xml, reportTestId: 1113.0, reportUrl: https://cloud.seetest.io:44..., reservationDuration: 240.0, takeScreenshots: true, test.type: Mobile, testName: Quick Start Android Browser..., udid: 98866742375a394e33, useKeystore: false, waitForDeviceTimeout: 120000.0}
Session ID: CLOUD-SID:2021-05-31_00-37-17-a050db70-6c3d-4187-b91b-59046075a997
10:09:19.339 [main] INFO  TestAddMyVisit - ******STARTING TEST ADD MY VISIT******
10:09:20.730 [main] INFO  TestAddMyVisit - Starting QA site validation
10:09:23.051 [main] INFO  TestAddMyVisit - QA site launch is successful, Site Name : https://qa3.chilis.com/
10:09:27.149 [main] INFO  TestAddMyVisit - Pop up closed
10:09:31.969 [main] INFO  TestAddMyVisit - Menu button clicked
10:09:36.922 [main] INFO  TestAddMyVisit - Login option selected
10:09:45.594 [main] ERROR TestAddMyVisit - Could not enter user name
10:09:45.595 [main] ERROR TestAddMyVisit - unknown error (An unknown server-side error occurred. status='false'. Failed to complete internal method: 'elementSendText args: [WEB, xpath=(//*[cmd:equalsIgnoreCase(@nodeName,'input')][@id='username'])[1], 0, ]', details: )  (WARNING: The server did not provide any stacktrace information)
Command duration or timeout: 0 milliseconds
Build info: version: '3.12.0', revision: '7c6e0b3', time: '2018-05-08T14:04:26.12Z'
System info: host: 'LAPTOP-2HJFJ1OT', ip: '192.168.29.229', os.name: 'Windows 10', os.arch: 'amd64', os.version: '10.0', java.version: '1.8.0_281'
Driver info: io.appium.java_client.android.AndroidDriver
Capabilities {appBuildVersion: , appReleaseVersion: , appiumVersion: 1.8.0, applicationClearData: false, autoAcceptAlerts: false, autoDismissAlerts: false, autoGrantPermissions: false, autoWebview: false, browserName: Chromium, cloudViewLink: https://cloud.seetest.io:44..., commandTimeouts: 120000, desired: {browserName: Chromium, deviceQuery: @os='android' and @version=..., platformName: Android, testName: Quick Start Android Browser...}, device.category: PHONE, device.majorVersion: 8, device.manufacture: samsung, device.model: SM-G930F, device.name: samsung Galaxy S7 IO IL 086, device.os: Android, device.screenSize: 1080x1920, device.serialNumber: 98866742375a394e33, device.version: 8.0.0, deviceQuery: @os='android' and @version=..., deviceUDID: 98866742375a394e33, dontGoHomeOnQuit: false, dontStopAppOnReset: false, ehmPrefixUrl: /agent-6292135, ehmUrl: https://cloud.seetest.io:44..., fullReset: false, gridNodePort: 7810, install.only.for.update: false, installOnlyForUpdate: false, instrumentApp: false, javascriptEnabled: true, keystorePath: ~/.android/debug.keystore, locationServicesAuthorized: false, newSessionWaitTimeout: 600.0, noReset: false, platform: ANDROID, platformName: Android, projectName: , reportDirectory: reports, reportFormat: xml, reportTestId: 1114.0, reportUrl: https://cloud.seetest.io:44..., reservationDuration: 240.0, takeScreenshots: true, test.type: Mobile, testName: Quick Start Android Browser..., udid: 98866742375a394e33, useKeystore: false, waitForDeviceTimeout: 120000.0}
Session ID: CLOUD-SID:2021-05-31_00-38-50-b8e8838b-ccf2-4104-9413-64cef4019300
10:10:39.007 [main] INFO  TestAddMyVisit - ******STARTING TEST ADD MY VISIT******
10:10:40.322 [main] INFO  TestAddMyVisit - Starting QA site validation
10:10:42.398 [main] INFO  TestAddMyVisit - QA site launch is successful, Site Name : https://qa3.chilis.com/
10:10:46.504 [main] INFO  TestAddMyVisit - Pop up closed
10:10:51.288 [main] INFO  TestAddMyVisit - Menu button clicked
10:10:55.968 [main] INFO  TestAddMyVisit - Login option selected
10:11:04.246 [main] INFO  TestAddMyVisit - User name (512) 212-1212 entered
10:11:10.313 [main] INFO  TestAddMyVisit - Password Brinkers@2021 entered
10:11:12.404 [main] INFO  TestAddMyVisit - Sign in button clicked
10:11:26.969 [main] INFO  TestAddMyVisit - Add my visit button clicked
10:11:39.843 [main] INFO  TestAddMyVisit - Restaurant location entered as : Addison, TX 75001, USA
10:11:52.271 [main] INFO  TestAddMyVisit - Chilis location selected as : Addison - 4500 Beltline Rd., Dallas, TX 75001
10:12:04.527 [main] INFO  TestAddMyVisit - Visit month selected as :April
12:08:26.588 [main] INFO  TestAddMyVisit - ******STARTING TEST ADD MY VISIT******
12:08:28.500 [main] INFO  TestAddMyVisit - Starting QA site validation
12:08:36.903 [main] INFO  TestAddMyVisit - QA site launch is successful, Site Name : https://qa3.chilis.com/
12:08:58.248 [main] INFO  TestAddMyVisit - Pop up closed
12:09:14.178 [main] INFO  TestAddMyVisit - Menu button clicked
12:09:31.486 [main] INFO  TestAddMyVisit - Login option selected
12:10:01.838 [main] ERROR TestAddMyVisit - Could not enter user name
12:10:01.840 [main] ERROR TestAddMyVisit - unknown error (An unknown server-side error occurred. status='false'. Failed to complete internal method: 'elementSendText args: [WEB, xpath=(//*[cmd:equalsIgnoreCase(@nodeName,'input')][@id='username'])[1], 0, ]', details: )  (WARNING: The server did not provide any stacktrace information)
Command duration or timeout: 0 milliseconds
Build info: version: '3.12.0', revision: '7c6e0b3', time: '2018-05-08T14:04:26.12Z'
System info: host: 'LAPTOP-2HJFJ1OT', ip: '192.168.29.229', os.name: 'Windows 10', os.arch: 'amd64', os.version: '10.0', java.version: '1.8.0_281'
Driver info: io.appium.java_client.android.AndroidDriver
Capabilities {appBuildVersion: , appReleaseVersion: , appiumVersion: 1.8.0, applicationClearData: false, autoAcceptAlerts: false, autoDismissAlerts: false, autoGrantPermissions: false, autoWebview: false, browserName: Chromium, cloudViewLink: https://au-1.seetest.io:443..., commandTimeouts: 120000, desired: {browserName: Chromium, deviceQuery: @os='android' and @version=..., platformName: Android, testName: Quick Start Android Browser...}, device.category: PHONE, device.majorVersion: 8, device.manufacture: samsung, device.model: SM-G930U, device.name: Samsung Galaxy S7 IO-AU 06, device.os: Android, device.screenSize: 1080x1920, device.serialNumber: 9d80ce95, device.version: 8.0.0, deviceQuery: @os='android' and @version=..., deviceUDID: 9d80ce95, dontGoHomeOnQuit: false, dontStopAppOnReset: false, ehmPrefixUrl: /agent-5937317, ehmUrl: https://au-1.seetest.io:443..., fullReset: false, gridNodePort: 7858, install.only.for.update: false, installOnlyForUpdate: false, instrumentApp: false, javascriptEnabled: true, keystorePath: ~/.android/debug.keystore, locationServicesAuthorized: false, newSessionWaitTimeout: 600.0, noReset: false, platform: ANDROID, platformName: Android, projectName: , reportDirectory: reports, reportFormat: xml, reportTestId: 1117.0, reportUrl: https://cloud.seetest.io:44..., reservationDuration: 240.0, takeScreenshots: true, test.type: Mobile, testName: Quick Start Android Browser..., udid: 9d80ce95, useKeystore: false, waitForDeviceTimeout: 120000.0}
Session ID: CLOUD-SID:2021-05-31_02-37-02-1977a44f-e7cb-4bb1-bb34-f7b78ae0f6e3
12:11:49.818 [main] INFO  TestAddMyVisit - ******STARTING TEST ADD MY VISIT******
12:11:50.806 [main] INFO  TestAddMyVisit - Starting QA site validation
12:11:53.381 [main] INFO  TestAddMyVisit - QA site launch is successful, Site Name : https://qa3.chilis.com/
12:11:58.081 [main] INFO  TestAddMyVisit - Pop up closed
12:12:03.249 [main] INFO  TestAddMyVisit - Menu button clicked
12:12:08.364 [main] INFO  TestAddMyVisit - Login option selected
12:12:16.863 [main] INFO  TestAddMyVisit - User name (512) 212-1212 entered
12:12:24.029 [main] INFO  TestAddMyVisit - Password Brinkers@2021 entered
12:12:26.691 [main] INFO  TestAddMyVisit - Sign in button clicked
12:12:32.439 [main] ERROR TestAddMyVisit - Add my visit button click failed
12:12:32.440 [main] ERROR TestAddMyVisit - no such element (An element could not be located on the page using the given search parameters (XPATH='//button[text()='Add My Visit']'))  (WARNING: The server did not provide any stacktrace information)
Command duration or timeout: 0 milliseconds
For documentation on this error, please visit: http://seleniumhq.org/exceptions/no_such_element.html
Build info: version: '3.12.0', revision: '7c6e0b3', time: '2018-05-08T14:04:26.12Z'
System info: host: 'LAPTOP-2HJFJ1OT', ip: '192.168.29.229', os.name: 'Windows 10', os.arch: 'amd64', os.version: '10.0', java.version: '1.8.0_281'
Driver info: io.appium.java_client.android.AndroidDriver
Capabilities {appBuildVersion: , appReleaseVersion: , appiumVersion: 1.8.0, applicationClearData: false, autoAcceptAlerts: false, autoDismissAlerts: false, autoGrantPermissions: false, autoWebview: false, browserName: Chromium, cloudViewLink: https://cloud.seetest.io:44..., commandTimeouts: 120000, desired: {browserName: Chromium, deviceQuery: @os='android' and @version=..., platformName: Android, testName: Quick Start Android Browser...}, device.category: PHONE, device.majorVersion: 8, device.manufacture: samsung, device.model: SM-G930F, device.name: samsung Galaxy S7 IO IL 086, device.os: Android, device.screenSize: 1080x1920, device.serialNumber: 98866742375a394e33, device.version: 8.0.0, deviceQuery: @os='android' and @version=..., deviceUDID: 98866742375a394e33, dontGoHomeOnQuit: false, dontStopAppOnReset: false, ehmPrefixUrl: /agent-6292135, ehmUrl: https://cloud.seetest.io:44..., fullReset: false, gridNodePort: 7858, install.only.for.update: false, installOnlyForUpdate: false, instrumentApp: false, javascriptEnabled: true, keystorePath: ~/.android/debug.keystore, locationServicesAuthorized: false, newSessionWaitTimeout: 600.0, noReset: false, platform: ANDROID, platformName: Android, projectName: , reportDirectory: reports, reportFormat: xml, reportTestId: 1118.0, reportUrl: https://cloud.seetest.io:44..., reservationDuration: 240.0, takeScreenshots: true, test.type: Mobile, testName: Quick Start Android Browser..., udid: 98866742375a394e33, useKeystore: false, waitForDeviceTimeout: 120000.0}
Session ID: CLOUD-SID:2021-05-31_02-41-18-6cea1ba2-fd7d-4bcf-889c-af41cef2f007
*** Element info: {Using=xpath, value=//button[text()='Add My Visit']}
12:13:32.640 [main] INFO  TestAddMyVisit - ******STARTING TEST ADD MY VISIT******
12:13:33.613 [main] INFO  TestAddMyVisit - Starting QA site validation
12:13:35.914 [main] INFO  TestAddMyVisit - QA site launch is successful, Site Name : https://qa3.chilis.com/
12:13:40.829 [main] INFO  TestAddMyVisit - Pop up closed
12:13:45.951 [main] INFO  TestAddMyVisit - Menu button clicked
12:13:51.070 [main] INFO  TestAddMyVisit - Login option selected
12:13:59.798 [main] ERROR TestAddMyVisit - Could not enter user name
12:13:59.799 [main] ERROR TestAddMyVisit - unknown error (An unknown server-side error occurred. status='false'. Failed to complete internal method: 'elementSendText args: [WEB, xpath=(//*[cmd:equalsIgnoreCase(@nodeName,'input')][@id='username'])[1], 0, ]', details: )  (WARNING: The server did not provide any stacktrace information)
Command duration or timeout: 0 milliseconds
Build info: version: '3.12.0', revision: '7c6e0b3', time: '2018-05-08T14:04:26.12Z'
System info: host: 'LAPTOP-2HJFJ1OT', ip: '192.168.29.229', os.name: 'Windows 10', os.arch: 'amd64', os.version: '10.0', java.version: '1.8.0_281'
Driver info: io.appium.java_client.android.AndroidDriver
Capabilities {appBuildVersion: , appReleaseVersion: , appiumVersion: 1.8.0, applicationClearData: false, autoAcceptAlerts: false, autoDismissAlerts: false, autoGrantPermissions: false, autoWebview: false, browserName: Chromium, cloudViewLink: https://cloud.seetest.io:44..., commandTimeouts: 120000, desired: {browserName: Chromium, deviceQuery: @os='android' and @version=..., platformName: Android, testName: Quick Start Android Browser...}, device.category: PHONE, device.majorVersion: 8, device.manufacture: samsung, device.model: SM-G930F, device.name: samsung Galaxy S7 IO IL 086, device.os: Android, device.screenSize: 1080x1920, device.serialNumber: 98866742375a394e33, device.version: 8.0.0, deviceQuery: @os='android' and @version=..., deviceUDID: 98866742375a394e33, dontGoHomeOnQuit: false, dontStopAppOnReset: false, ehmPrefixUrl: /agent-6292135, ehmUrl: https://cloud.seetest.io:44..., fullReset: false, gridNodePort: 7860, install.only.for.update: false, installOnlyForUpdate: false, instrumentApp: false, javascriptEnabled: true, keystorePath: ~/.android/debug.keystore, locationServicesAuthorized: false, newSessionWaitTimeout: 600.0, noReset: false, platform: ANDROID, platformName: Android, projectName: , reportDirectory: reports, reportFormat: xml, reportTestId: 1119.0, reportUrl: https://cloud.seetest.io:44..., reservationDuration: 240.0, takeScreenshots: true, test.type: Mobile, testName: Quick Start Android Browser..., udid: 98866742375a394e33, useKeystore: false, waitForDeviceTimeout: 120000.0}
Session ID: CLOUD-SID:2021-05-31_02-43-05-6a88eeed-7f25-47fd-8276-a5ecc9b2af20
12:14:56.056 [main] INFO  TestAddMyVisit - ******STARTING TEST ADD MY VISIT******
12:14:57.013 [main] INFO  TestAddMyVisit - Starting QA site validation
12:14:59.370 [main] INFO  TestAddMyVisit - QA site launch is successful, Site Name : https://qa3.chilis.com/
12:15:04.083 [main] INFO  TestAddMyVisit - Pop up closed
12:15:09.304 [main] INFO  TestAddMyVisit - Menu button clicked
12:15:14.629 [main] INFO  TestAddMyVisit - Login option selected
12:15:23.828 [main] INFO  TestAddMyVisit - User name (512) 212-1212 entered
12:15:32.269 [main] ERROR TestAddMyVisit - Could not enter password
12:15:32.270 [main] ERROR TestAddMyVisit - unknown error (An unknown server-side error occurred. status='false'. Failed to complete internal method: 'elementSendText args: [WEB, xpath=(//*[cmd:equalsIgnoreCase(@nodeName,'input')][@id='password'])[1], 0, ]', details: )  (WARNING: The server did not provide any stacktrace information)
Command duration or timeout: 0 milliseconds
Build info: version: '3.12.0', revision: '7c6e0b3', time: '2018-05-08T14:04:26.12Z'
System info: host: 'LAPTOP-2HJFJ1OT', ip: '192.168.29.229', os.name: 'Windows 10', os.arch: 'amd64', os.version: '10.0', java.version: '1.8.0_281'
Driver info: io.appium.java_client.android.AndroidDriver
Capabilities {appBuildVersion: , appReleaseVersion: , appiumVersion: 1.8.0, applicationClearData: false, autoAcceptAlerts: false, autoDismissAlerts: false, autoGrantPermissions: false, autoWebview: false, browserName: Chromium, cloudViewLink: https://cloud.seetest.io:44..., commandTimeouts: 120000, desired: {browserName: Chromium, deviceQuery: @os='android' and @version=..., platformName: Android, testName: Quick Start Android Browser...}, device.category: PHONE, device.majorVersion: 8, device.manufacture: samsung, device.model: SM-G930F, device.name: samsung Galaxy S7 IO IL 086, device.os: Android, device.screenSize: 1080x1920, device.serialNumber: 98866742375a394e33, device.version: 8.0.0, deviceQuery: @os='android' and @version=..., deviceUDID: 98866742375a394e33, dontGoHomeOnQuit: false, dontStopAppOnReset: false, ehmPrefixUrl: /agent-6292135, ehmUrl: https://cloud.seetest.io:44..., fullReset: false, gridNodePort: 7862, install.only.for.update: false, installOnlyForUpdate: false, instrumentApp: false, javascriptEnabled: true, keystorePath: ~/.android/debug.keystore, locationServicesAuthorized: false, newSessionWaitTimeout: 600.0, noReset: false, platform: ANDROID, platformName: Android, projectName: , reportDirectory: reports, reportFormat: xml, reportTestId: 1120.0, reportUrl: https://cloud.seetest.io:44..., reservationDuration: 240.0, takeScreenshots: true, test.type: Mobile, testName: Quick Start Android Browser..., udid: 98866742375a394e33, useKeystore: false, waitForDeviceTimeout: 120000.0}
Session ID: CLOUD-SID:2021-05-31_02-44-25-d1e49995-8708-41ba-9048-0de1030d506c
12:16:26.051 [main] INFO  TestAddMyVisit - ******STARTING TEST ADD MY VISIT******
12:16:27.056 [main] INFO  TestAddMyVisit - Starting QA site validation
12:16:29.586 [main] INFO  TestAddMyVisit - QA site launch is successful, Site Name : https://qa3.chilis.com/
12:16:34.195 [main] INFO  TestAddMyVisit - Pop up closed
12:16:39.110 [main] INFO  TestAddMyVisit - Menu button clicked
12:16:44.194 [main] INFO  TestAddMyVisit - Login option selected
12:16:53.035 [main] INFO  TestAddMyVisit - User name (512) 212-1212 entered
12:16:59.490 [main] INFO  TestAddMyVisit - Password Brinkers@2021 entered
12:17:01.743 [main] INFO  TestAddMyVisit - Sign in button clicked
12:17:16.384 [main] INFO  TestAddMyVisit - Add my visit button clicked
12:17:29.286 [main] INFO  TestAddMyVisit - Restaurant location entered as : Addison, TX 75001, USA
12:17:42.188 [main] INFO  TestAddMyVisit - Chilis location selected as : Addison - 4500 Beltline Rd., Dallas, TX 75001
12:17:56.321 [main] INFO  TestAddMyVisit - Visit month selected as :April
12:39:37.905 [main] INFO  TestAddMyVisit - ******STARTING TEST ADD MY VISIT******
12:39:38.950 [main] INFO  TestAddMyVisit - Starting QA site validation
12:39:41.115 [main] INFO  TestAddMyVisit - QA site launch is successful, Site Name : https://qa3.chilis.com/
12:39:45.826 [main] INFO  TestAddMyVisit - Pop up closed
12:39:50.741 [main] INFO  TestAddMyVisit - Menu button clicked
12:39:55.862 [main] INFO  TestAddMyVisit - Login option selected
12:40:04.474 [main] INFO  TestAddMyVisit - User name (512) 212-1212 entered
12:40:10.812 [main] INFO  TestAddMyVisit - Password Brinkers@2021 entered
12:40:13.270 [main] INFO  TestAddMyVisit - Sign in button clicked
12:40:25.658 [main] INFO  TestAddMyVisit - Add my visit button clicked
12:40:39.176 [main] INFO  TestAddMyVisit - Restaurant location entered as : Addison, TX 75001, USA
12:40:52.093 [main] INFO  TestAddMyVisit - Chilis location selected as : Addison - 4500 Beltline Rd., Dallas, TX 75001
12:41:05.801 [main] INFO  TestAddMyVisit - Visit month selected as :April
12:41:40.216 [main] ERROR TestAddMyVisit - Visit day selection failed
12:41:40.216 [main] ERROR TestAddMyVisit - Expected condition failed: waiting for presence of element located by: By.xpath: //*[text()='4.0'] (tried for 15 second(s) with 500 milliseconds interval)
16:51:26.175 [main] INFO  TestAddMyVisit - ******STARTING TEST ADD MY VISIT******
16:51:27.753 [main] INFO  TestAddMyVisit - Starting QA site validation
16:51:30.014 [main] INFO  TestAddMyVisit - QA site launch is successful, Site Name : https://qa3.chilis.com/
16:51:34.267 [main] INFO  TestAddMyVisit - Pop up closed
16:51:38.865 [main] INFO  TestAddMyVisit - Menu button clicked
16:51:43.767 [main] INFO  TestAddMyVisit - Login option selected
16:51:52.207 [main] INFO  TestAddMyVisit - User name (512) 212-1212 entered
16:51:58.273 [main] INFO  TestAddMyVisit - Password Brinkers@2021 entered
16:52:00.468 [main] INFO  TestAddMyVisit - Sign in button clicked
16:52:17.213 [main] INFO  TestAddMyVisit - Add my visit button clicked
16:52:30.533 [main] INFO  TestAddMyVisit - Restaurant location entered as : Addison, TX 75001, USA
16:52:42.749 [main] INFO  TestAddMyVisit - Chilis location selected as : Addison - 4500 Beltline Rd., Dallas, TX 75001
16:53:06.345 [main] ERROR TestAddMyVisit - Visit month selection failed
16:53:06.345 [main] ERROR TestAddMyVisit - no such element (An element could not be located on the page using the given search parameters (XPATH='/html/body'))  (WARNING: The server did not provide any stacktrace information)
Command duration or timeout: 0 milliseconds
For documentation on this error, please visit: http://seleniumhq.org/exceptions/no_such_element.html
Build info: version: '3.12.0', revision: '7c6e0b3', time: '2018-05-08T14:04:26.12Z'
System info: host: 'LAPTOP-2HJFJ1OT', ip: '192.168.29.229', os.name: 'Windows 10', os.arch: 'amd64', os.version: '10.0', java.version: '1.8.0_281'
Driver info: io.appium.java_client.android.AndroidDriver
Capabilities {appBuildVersion: , appReleaseVersion: , appiumVersion: 1.8.0, applicationClearData: false, autoAcceptAlerts: false, autoDismissAlerts: false, autoGrantPermissions: false, autoWebview: false, browserName: Chromium, cloudViewLink: https://cloud.seetest.io:44..., commandTimeouts: 120000, desired: {browserName: Chromium, deviceQuery: @os='android' and @version=..., platformName: Android, testName: Quick Start Android Browser...}, device.category: PHONE, device.majorVersion: 8, device.manufacture: samsung, device.model: SM-G930F, device.name: samsung Galaxy S7 IO IL 086, device.os: Android, device.screenSize: 1080x1920, device.serialNumber: 98866742375a394e33, device.version: 8.0.0, deviceQuery: @os='android' and @version=..., deviceUDID: 98866742375a394e33, dontGoHomeOnQuit: false, dontStopAppOnReset: false, ehmPrefixUrl: /agent-6292135, ehmUrl: https://cloud.seetest.io:44..., fullReset: false, gridNodePort: 7824, install.only.for.update: false, installOnlyForUpdate: false, instrumentApp: false, javascriptEnabled: true, keystorePath: ~/.android/debug.keystore, locationServicesAuthorized: false, newSessionWaitTimeout: 600.0, noReset: false, platform: ANDROID, platformName: Android, projectName: , reportDirectory: reports, reportFormat: xml, reportTestId: 1123.0, reportUrl: https://cloud.seetest.io:44..., reservationDuration: 240.0, takeScreenshots: true, test.type: Mobile, testName: Quick Start Android Browser..., udid: 98866742375a394e33, useKeystore: false, waitForDeviceTimeout: 120000.0}
Session ID: CLOUD-SID:2021-05-31_07-20-56-ce3da0b9-49ea-4e63-ba80-f8a4f3f5ace3
*** Element info: {Using=xpath, value=/html/body}
17:09:26.342 [main] INFO  TestAddMyVisit - ******STARTING TEST ADD MY VISIT******
17:09:27.972 [main] INFO  TestAddMyVisit - Starting QA site validation
17:09:50.836 [main] ERROR TestAddMyVisit - QA site launch failed
17:09:50.836 [main] ERROR TestAddMyVisit - Expected condition failed: waiting for presence of element located by: By.className: close-btn (tried for 15 second(s) with 500 milliseconds interval)
17:11:04.503 [main] INFO  TestAddMyVisit - ******STARTING TEST ADD MY VISIT******
17:11:06.177 [main] INFO  TestAddMyVisit - Starting QA site validation
17:11:08.523 [main] INFO  TestAddMyVisit - QA site launch is successful, Site Name : https://qa3.chilis.com/
17:11:13.218 [main] INFO  TestAddMyVisit - Pop up closed
17:11:17.801 [main] INFO  TestAddMyVisit - Menu button clicked
17:11:23.138 [main] INFO  TestAddMyVisit - Login option selected
17:11:31.164 [main] INFO  TestAddMyVisit - User name (512) 212-1212 entered
17:11:37.473 [main] INFO  TestAddMyVisit - Password Brinkers@2021 entered
17:11:39.750 [main] INFO  TestAddMyVisit - Sign in button clicked
17:11:46.429 [main] ERROR TestAddMyVisit - Add my visit button click failed
17:11:46.430 [main] ERROR TestAddMyVisit - no such element (An element could not be located on the page using the given search parameters (XPATH='//button[text()='Add My Visit']'))  (WARNING: The server did not provide any stacktrace information)
Command duration or timeout: 0 milliseconds
For documentation on this error, please visit: http://seleniumhq.org/exceptions/no_such_element.html
Build info: version: '3.12.0', revision: '7c6e0b3', time: '2018-05-08T14:04:26.12Z'
System info: host: 'LAPTOP-2HJFJ1OT', ip: '192.168.29.229', os.name: 'Windows 10', os.arch: 'amd64', os.version: '10.0', java.version: '1.8.0_281'
Driver info: io.appium.java_client.android.AndroidDriver
Capabilities {appBuildVersion: , appReleaseVersion: , appiumVersion: 1.8.0, applicationClearData: false, autoAcceptAlerts: false, autoDismissAlerts: false, autoGrantPermissions: false, autoWebview: false, browserName: Chromium, cloudViewLink: https://cloud.seetest.io:44..., commandTimeouts: 120000, desired: {browserName: Chromium, deviceQuery: @os='android' and @version=..., platformName: Android, testName: Quick Start Android Browser...}, device.category: PHONE, device.majorVersion: 8, device.manufacture: samsung, device.model: SM-G930F, device.name: samsung Galaxy S7 IO IL 086, device.os: Android, device.screenSize: 1080x1920, device.serialNumber: 98866742375a394e33, device.version: 8.0.0, deviceQuery: @os='android' and @version=..., deviceUDID: 98866742375a394e33, dontGoHomeOnQuit: false, dontStopAppOnReset: false, ehmPrefixUrl: /agent-6292135, ehmUrl: https://cloud.seetest.io:44..., fullReset: false, gridNodePort: 7837, install.only.for.update: false, installOnlyForUpdate: false, instrumentApp: false, javascriptEnabled: true, keystorePath: ~/.android/debug.keystore, locationServicesAuthorized: false, newSessionWaitTimeout: 600.0, noReset: false, platform: ANDROID, platformName: Android, projectName: , reportDirectory: reports, reportFormat: xml, reportTestId: 1125.0, reportUrl: https://cloud.seetest.io:44..., reservationDuration: 240.0, takeScreenshots: true, test.type: Mobile, testName: Quick Start Android Browser..., udid: 98866742375a394e33, useKeystore: false, waitForDeviceTimeout: 120000.0}
Session ID: CLOUD-SID:2021-05-31_07-40-34-b0bddc77-5ca3-4a83-b3d5-0da43cebbffc
*** Element info: {Using=xpath, value=//button[text()='Add My Visit']}
17:12:48.422 [main] INFO  TestAddMyVisit - ******STARTING TEST ADD MY VISIT******
17:12:50.329 [main] INFO  TestAddMyVisit - Starting QA site validation
17:12:52.607 [main] INFO  TestAddMyVisit - QA site launch is successful, Site Name : https://qa3.chilis.com/
17:12:57.549 [main] INFO  TestAddMyVisit - Pop up closed
17:13:02.380 [main] INFO  TestAddMyVisit - Menu button clicked
17:13:07.284 [main] INFO  TestAddMyVisit - Login option selected
17:13:16.283 [main] INFO  TestAddMyVisit - User name (512) 212-1212 entered
17:13:22.612 [main] INFO  TestAddMyVisit - Password Brinkers@2021 entered
17:13:24.791 [main] INFO  TestAddMyVisit - Sign in button clicked
17:13:30.016 [main] ERROR TestAddMyVisit - Add my visit button click failed
17:13:30.017 [main] ERROR TestAddMyVisit - no such element (An element could not be located on the page using the given search parameters (XPATH='//button[text()='Add My Visit']'))  (WARNING: The server did not provide any stacktrace information)
Command duration or timeout: 0 milliseconds
For documentation on this error, please visit: http://seleniumhq.org/exceptions/no_such_element.html
Build info: version: '3.12.0', revision: '7c6e0b3', time: '2018-05-08T14:04:26.12Z'
System info: host: 'LAPTOP-2HJFJ1OT', ip: '192.168.29.229', os.name: 'Windows 10', os.arch: 'amd64', os.version: '10.0', java.version: '1.8.0_281'
Driver info: io.appium.java_client.android.AndroidDriver
Capabilities {appBuildVersion: , appReleaseVersion: , appiumVersion: 1.8.0, applicationClearData: false, autoAcceptAlerts: false, autoDismissAlerts: false, autoGrantPermissions: false, autoWebview: false, browserName: Chromium, cloudViewLink: https://cloud.seetest.io:44..., commandTimeouts: 120000, desired: {browserName: Chromium, deviceQuery: @os='android' and @version=..., platformName: Android, testName: Quick Start Android Browser...}, device.category: PHONE, device.majorVersion: 8, device.manufacture: samsung, device.model: SM-G930F, device.name: samsung Galaxy S7 IO IL 086, device.os: Android, device.screenSize: 1080x1920, device.serialNumber: 98866742375a394e33, device.version: 8.0.0, deviceQuery: @os='android' and @version=..., deviceUDID: 98866742375a394e33, dontGoHomeOnQuit: false, dontStopAppOnReset: false, ehmPrefixUrl: /agent-6292135, ehmUrl: https://cloud.seetest.io:44..., fullReset: false, gridNodePort: 7840, install.only.for.update: false, installOnlyForUpdate: false, instrumentApp: false, javascriptEnabled: true, keystorePath: ~/.android/debug.keystore, locationServicesAuthorized: false, newSessionWaitTimeout: 600.0, noReset: false, platform: ANDROID, platformName: Android, projectName: , reportDirectory: reports, reportFormat: xml, reportTestId: 1126.0, reportUrl: https://cloud.seetest.io:44..., reservationDuration: 240.0, takeScreenshots: true, test.type: Mobile, testName: Quick Start Android Browser..., udid: 98866742375a394e33, useKeystore: false, waitForDeviceTimeout: 120000.0}
Session ID: CLOUD-SID:2021-05-31_07-42-14-43b2bb97-cba8-4166-9d1f-3dfa93858e24
*** Element info: {Using=xpath, value=//button[text()='Add My Visit']}
17:14:49.689 [main] INFO  TestAddMyVisit - ******STARTING TEST ADD MY VISIT******
17:14:51.190 [main] INFO  TestAddMyVisit - Starting QA site validation
17:14:53.410 [main] INFO  TestAddMyVisit - QA site launch is successful, Site Name : https://qa3.chilis.com/
17:14:58.054 [main] INFO  TestAddMyVisit - Pop up closed
17:15:02.973 [main] INFO  TestAddMyVisit - Menu button clicked
17:15:07.983 [main] INFO  TestAddMyVisit - Login option selected
17:15:16.603 [main] INFO  TestAddMyVisit - User name (512) 212-1212 entered
17:15:24.121 [main] INFO  TestAddMyVisit - Password Brinkers@2021 entered
17:15:27.147 [main] INFO  TestAddMyVisit - Sign in button clicked
17:15:41.107 [main] INFO  TestAddMyVisit - Add my visit button clicked
17:15:53.080 [main] INFO  TestAddMyVisit - Restaurant location entered as : Addison, TX 75001, USA
17:16:05.972 [main] INFO  TestAddMyVisit - Chilis location selected as : Addison - 4500 Beltline Rd., Dallas, TX 75001
17:16:17.683 [main] ERROR TestAddMyVisit - Visit month selection failed
17:16:17.684 [main] ERROR TestAddMyVisit - Not Implemented (Method 'mouseMoveTo' is not implemented)  (WARNING: The server did not provide any stacktrace information)
Command duration or timeout: 0 milliseconds
Build info: version: '3.12.0', revision: '7c6e0b3', time: '2018-05-08T14:04:26.12Z'
System info: host: 'LAPTOP-2HJFJ1OT', ip: '192.168.29.229', os.name: 'Windows 10', os.arch: 'amd64', os.version: '10.0', java.version: '1.8.0_281'
Driver info: io.appium.java_client.android.AndroidDriver
Capabilities {appBuildVersion: , appReleaseVersion: , appiumVersion: 1.8.0, applicationClearData: false, autoAcceptAlerts: false, autoDismissAlerts: false, autoGrantPermissions: false, autoWebview: false, browserName: Chromium, cloudViewLink: https://cloud.seetest.io:44..., commandTimeouts: 120000, desired: {browserName: Chromium, deviceQuery: @os='android' and @version=..., platformName: Android, testName: Quick Start Android Browser...}, device.category: PHONE, device.majorVersion: 8, device.manufacture: samsung, device.model: SM-G930F, device.name: samsung Galaxy S7 IO IL 086, device.os: Android, device.screenSize: 1080x1920, device.serialNumber: 98866742375a394e33, device.version: 8.0.0, deviceQuery: @os='android' and @version=..., deviceUDID: 98866742375a394e33, dontGoHomeOnQuit: false, dontStopAppOnReset: false, ehmPrefixUrl: /agent-6292135, ehmUrl: https://cloud.seetest.io:44..., fullReset: false, gridNodePort: 7842, install.only.for.update: false, installOnlyForUpdate: false, instrumentApp: false, javascriptEnabled: true, keystorePath: ~/.android/debug.keystore, locationServicesAuthorized: false, newSessionWaitTimeout: 600.0, noReset: false, platform: ANDROID, platformName: Android, projectName: , reportDirectory: reports, reportFormat: xml, reportTestId: 1127.0, reportUrl: https://cloud.seetest.io:44..., reservationDuration: 240.0, takeScreenshots: true, test.type: Mobile, testName: Quick Start Android Browser..., udid: 98866742375a394e33, useKeystore: false, waitForDeviceTimeout: 120000.0}
Session ID: CLOUD-SID:2021-05-31_07-44-20-c08b470a-09ad-4d9d-8ef1-b40dcf3bbffb
17:28:13.300 [main] INFO  TestAddMyVisit - ******STARTING TEST ADD MY VISIT******
17:28:14.594 [main] INFO  TestAddMyVisit - Starting QA site validation
17:28:16.949 [main] INFO  TestAddMyVisit - QA site launch is successful, Site Name : https://qa3.chilis.com/
17:28:21.535 [main] INFO  TestAddMyVisit - Pop up closed
17:28:26.187 [main] INFO  TestAddMyVisit - Menu button clicked
17:28:31.485 [main] INFO  TestAddMyVisit - Login option selected
17:28:39.788 [main] INFO  TestAddMyVisit - User name (512) 212-1212 entered
17:28:46.350 [main] INFO  TestAddMyVisit - Password Brinkers@2021 entered
17:28:48.672 [main] INFO  TestAddMyVisit - Sign in button clicked
17:29:04.604 [main] INFO  TestAddMyVisit - Add my visit button clicked
17:29:17.597 [main] INFO  TestAddMyVisit - Restaurant location entered as : Addison, TX 75001, USA
17:29:30.467 [main] INFO  TestAddMyVisit - Chilis location selected as : Addison - 4500 Beltline Rd., Dallas, TX 75001
17:29:41.828 [main] ERROR TestAddMyVisit - Visit month selection failed
17:29:41.829 [main] ERROR TestAddMyVisit - unknown error (An unknown server-side error occurred. status='false'. Failed to complete internal method: 'click args: [WEB, xpath=(//*[text()='April'])[1], 0, 1]', details: Failed to click 'xpath=(//*[text()='April'])[1]'. Cannot click. The element is found but not visible on Screen. deviceScreenDimension = java.awt.Rectangle[x=0,y=0,width=1080,height=1920])  (WARNING: The server did not provide any stacktrace information)
Command duration or timeout: 0 milliseconds
Build info: version: '3.12.0', revision: '7c6e0b3', time: '2018-05-08T14:04:26.12Z'
System info: host: 'LAPTOP-2HJFJ1OT', ip: '192.168.29.229', os.name: 'Windows 10', os.arch: 'amd64', os.version: '10.0', java.version: '1.8.0_281'
Driver info: io.appium.java_client.android.AndroidDriver
Capabilities {appBuildVersion: , appReleaseVersion: , appiumVersion: 1.8.0, applicationClearData: false, autoAcceptAlerts: false, autoDismissAlerts: false, autoGrantPermissions: false, autoWebview: false, browserName: Chromium, cloudViewLink: https://cloud.seetest.io:44..., commandTimeouts: 120000, desired: {browserName: Chromium, deviceQuery: @os='android' and @version=..., platformName: Android, testName: Quick Start Android Browser...}, device.category: PHONE, device.majorVersion: 8, device.manufacture: samsung, device.model: SM-G930F, device.name: samsung Galaxy S7 IO IL 086, device.os: Android, device.screenSize: 1080x1920, device.serialNumber: 98866742375a394e33, device.version: 8.0.0, deviceQuery: @os='android' and @version=..., deviceUDID: 98866742375a394e33, dontGoHomeOnQuit: false, dontStopAppOnReset: false, ehmPrefixUrl: /agent-6292135, ehmUrl: https://cloud.seetest.io:44..., fullReset: false, gridNodePort: 7853, install.only.for.update: false, installOnlyForUpdate: false, instrumentApp: false, javascriptEnabled: true, keystorePath: ~/.android/debug.keystore, locationServicesAuthorized: false, newSessionWaitTimeout: 600.0, noReset: false, platform: ANDROID, platformName: Android, projectName: , reportDirectory: reports, reportFormat: xml, reportTestId: 1129.0, reportUrl: https://cloud.seetest.io:44..., reservationDuration: 240.0, takeScreenshots: true, test.type: Mobile, testName: Quick Start Android Browser..., udid: 98866742375a394e33, useKeystore: false, waitForDeviceTimeout: 120000.0}
Session ID: CLOUD-SID:2021-05-31_07-57-43-47431bc1-75a8-4536-ad06-025063db777c
17:57:12.554 [main] INFO  TestAddMyVisit - ******STARTING TEST ADD MY VISIT******
17:57:13.706 [main] INFO  TestAddMyVisit - Starting QA site validation
17:57:15.918 [main] INFO  TestAddMyVisit - QA site launch is successful, Site Name : https://qa3.chilis.com/
17:57:21.596 [main] INFO  TestAddMyVisit - Pop up closed
17:57:26.794 [main] INFO  TestAddMyVisit - Menu button clicked
17:57:31.996 [main] INFO  TestAddMyVisit - Login option selected
17:57:41.031 [main] INFO  TestAddMyVisit - User name (512) 212-1212 entered
17:57:49.117 [main] INFO  TestAddMyVisit - Password Brinkers@2021 entered
17:57:51.682 [main] INFO  TestAddMyVisit - Sign in button clicked
17:58:07.038 [main] INFO  TestAddMyVisit - Add my visit button clicked
17:58:19.943 [main] INFO  TestAddMyVisit - Restaurant location entered as : Addison, TX 75001, USA
17:58:32.123 [main] INFO  TestAddMyVisit - Chilis location selected as : Addison - 4500 Beltline Rd., Dallas, TX 75001
17:58:46.156 [main] INFO  TestAddMyVisit - Visit month selected as :April
18:21:27.994 [main] INFO  TestAddMyVisit - ******STARTING TEST ADD MY VISIT******
18:21:29.033 [main] INFO  TestAddMyVisit - Starting QA site validation
18:21:50.895 [main] ERROR TestAddMyVisit - QA site launch failed
18:21:50.896 [main] ERROR TestAddMyVisit - Expected condition failed: waiting for presence of element located by: By.className: close-btn (tried for 15 second(s) with 500 milliseconds interval)
18:23:14.964 [main] INFO  TestAddMyVisit - ******STARTING TEST ADD MY VISIT******
18:23:16.066 [main] INFO  TestAddMyVisit - Starting QA site validation
18:23:18.718 [main] INFO  TestAddMyVisit - QA site launch is successful, Site Name : https://qa3.chilis.com/
18:23:23.236 [main] INFO  TestAddMyVisit - Pop up closed
18:23:28.209 [main] INFO  TestAddMyVisit - Menu button clicked
18:23:33.634 [main] INFO  TestAddMyVisit - Login option selected
18:23:42.338 [main] INFO  TestAddMyVisit - User name (512) 212-1212 entered
18:23:49.506 [main] INFO  TestAddMyVisit - Password Brinkers@2021 entered
18:23:52.169 [main] INFO  TestAddMyVisit - Sign in button clicked
18:24:06.403 [main] INFO  TestAddMyVisit - Add my visit button clicked
18:24:19.921 [main] INFO  TestAddMyVisit - Restaurant location entered as : Addison, TX 75001, USA
18:24:32.264 [main] INFO  TestAddMyVisit - Chilis location selected as : Addison - 4500 Beltline Rd., Dallas, TX 75001
18:24:46.134 [main] INFO  TestAddMyVisit - Visit month selected as :April
18:38:42.622 [main] INFO  TestAddMyVisit - ******STARTING TEST ADD MY VISIT******
18:38:44.108 [main] INFO  TestAddMyVisit - Starting QA site validation
18:38:46.550 [main] INFO  TestAddMyVisit - QA site launch is successful, Site Name : https://qa3.chilis.com/
18:38:51.052 [main] INFO  TestAddMyVisit - Pop up closed
18:38:55.947 [main] INFO  TestAddMyVisit - Menu button clicked
18:39:01.144 [main] INFO  TestAddMyVisit - Login option selected
18:39:10.679 [main] INFO  TestAddMyVisit - User name (512) 212-1212 entered
18:39:18.323 [main] INFO  TestAddMyVisit - Password Brinkers@2021 entered
18:39:21.254 [main] INFO  TestAddMyVisit - Sign in button clicked
18:39:37.029 [main] INFO  TestAddMyVisit - Add my visit button clicked
18:39:50.013 [main] INFO  TestAddMyVisit - Restaurant location entered as : Addison, TX 75001, USA
18:40:03.029 [main] INFO  TestAddMyVisit - Chilis location selected as : Addison - 4500 Beltline Rd., Dallas, TX 75001
18:40:11.958 [main] ERROR TestAddMyVisit - Visit month selection failed
18:40:11.960 [main] ERROR TestAddMyVisit - invalid selector (Argument was an invalid selector (e.g. XPath/CSS). xpath = //*text()='March'])  (WARNING: The server did not provide any stacktrace information)
Command duration or timeout: 0 milliseconds
For documentation on this error, please visit: http://seleniumhq.org/exceptions/invalid_selector_exception.html
Build info: version: '3.12.0', revision: '7c6e0b3', time: '2018-05-08T14:04:26.12Z'
System info: host: 'LAPTOP-2HJFJ1OT', ip: '192.168.29.229', os.name: 'Windows 10', os.arch: 'amd64', os.version: '10.0', java.version: '1.8.0_281'
Driver info: io.appium.java_client.android.AndroidDriver
Capabilities {appBuildVersion: , appReleaseVersion: , appiumVersion: 1.8.0, applicationClearData: false, autoAcceptAlerts: false, autoDismissAlerts: false, autoGrantPermissions: false, autoWebview: false, browserName: Chromium, cloudViewLink: https://cloud.seetest.io:44..., commandTimeouts: 120000, desired: {browserName: Chromium, deviceQuery: @os='android' and @version=..., platformName: Android, testName: Quick Start Android Browser...}, device.category: PHONE, device.majorVersion: 8, device.manufacture: samsung, device.model: SM-G930F, device.name: samsung Galaxy S7 IO IL 086, device.os: Android, device.screenSize: 1080x1920, device.serialNumber: 98866742375a394e33, device.version: 8.0.0, deviceQuery: @os='android' and @version=..., deviceUDID: 98866742375a394e33, dontGoHomeOnQuit: false, dontStopAppOnReset: false, ehmPrefixUrl: /agent-6292135, ehmUrl: https://cloud.seetest.io:44..., fullReset: false, gridNodePort: 7803, install.only.for.update: false, installOnlyForUpdate: false, instrumentApp: false, javascriptEnabled: true, keystorePath: ~/.android/debug.keystore, locationServicesAuthorized: false, newSessionWaitTimeout: 600.0, noReset: false, platform: ANDROID, platformName: Android, projectName: , reportDirectory: reports, reportFormat: xml, reportTestId: 1133.0, reportUrl: https://cloud.seetest.io:44..., reservationDuration: 240.0, takeScreenshots: true, test.type: Mobile, testName: Quick Start Android Browser..., udid: 98866742375a394e33, useKeystore: false, waitForDeviceTimeout: 120000.0}
Session ID: CLOUD-SID:2021-05-31_09-08-14-893b39a7-5167-46c3-ab0e-2e791148e2c4
*** Element info: {Using=xpath, value=//*text()='March']}
18:41:26.482 [main] INFO  TestAddMyVisit - ******STARTING TEST ADD MY VISIT******
18:41:27.882 [main] INFO  TestAddMyVisit - Starting QA site validation
18:41:30.057 [main] INFO  TestAddMyVisit - QA site launch is successful, Site Name : https://qa3.chilis.com/
18:41:34.368 [main] INFO  TestAddMyVisit - Pop up closed
18:41:39.139 [main] INFO  TestAddMyVisit - Menu button clicked
18:41:43.945 [main] INFO  TestAddMyVisit - Login option selected
18:41:52.475 [main] ERROR TestAddMyVisit - Could not enter user name
18:41:52.476 [main] ERROR TestAddMyVisit - unknown error (An unknown server-side error occurred. status='false'. Failed to complete internal method: 'elementSendText args: [WEB, xpath=(//*[cmd:equalsIgnoreCase(@nodeName,'input')][@id='username'])[1], 0, ]', details: )  (WARNING: The server did not provide any stacktrace information)
Command duration or timeout: 0 milliseconds
Build info: version: '3.12.0', revision: '7c6e0b3', time: '2018-05-08T14:04:26.12Z'
System info: host: 'LAPTOP-2HJFJ1OT', ip: '192.168.29.229', os.name: 'Windows 10', os.arch: 'amd64', os.version: '10.0', java.version: '1.8.0_281'
Driver info: io.appium.java_client.android.AndroidDriver
Capabilities {appBuildVersion: , appReleaseVersion: , appiumVersion: 1.8.0, applicationClearData: false, autoAcceptAlerts: false, autoDismissAlerts: false, autoGrantPermissions: false, autoWebview: false, browserName: Chromium, cloudViewLink: https://cloud.seetest.io:44..., commandTimeouts: 120000, desired: {browserName: Chromium, deviceQuery: @os='android' and @version=..., platformName: Android, testName: Quick Start Android Browser...}, device.category: PHONE, device.majorVersion: 8, device.manufacture: samsung, device.model: SM-G930F, device.name: samsung Galaxy S7 IO IL 086, device.os: Android, device.screenSize: 1080x1920, device.serialNumber: 98866742375a394e33, device.version: 8.0.0, deviceQuery: @os='android' and @version=..., deviceUDID: 98866742375a394e33, dontGoHomeOnQuit: false, dontStopAppOnReset: false, ehmPrefixUrl: /agent-6292135, ehmUrl: https://cloud.seetest.io:44..., fullReset: false, gridNodePort: 7806, install.only.for.update: false, installOnlyForUpdate: false, instrumentApp: false, javascriptEnabled: true, keystorePath: ~/.android/debug.keystore, locationServicesAuthorized: false, newSessionWaitTimeout: 600.0, noReset: false, platform: ANDROID, platformName: Android, projectName: , reportDirectory: reports, reportFormat: xml, reportTestId: 1134.0, reportUrl: https://cloud.seetest.io:44..., reservationDuration: 240.0, takeScreenshots: true, test.type: Mobile, testName: Quick Start Android Browser..., udid: 98866742375a394e33, useKeystore: false, waitForDeviceTimeout: 120000.0}
Session ID: CLOUD-SID:2021-05-31_09-10-58-3f25cca4-4b42-488c-96b8-64b508013a11
18:49:24.501 [main] INFO  TestAddMyVisit - ******STARTING TEST ADD MY VISIT******
18:49:26.629 [main] INFO  TestAddMyVisit - Starting QA site validation
18:49:28.810 [main] INFO  TestAddMyVisit - QA site launch is successful, Site Name : https://qa3.chilis.com/
18:49:33.589 [main] INFO  TestAddMyVisit - Pop up closed
18:49:38.342 [main] INFO  TestAddMyVisit - Menu button clicked
18:49:43.331 [main] INFO  TestAddMyVisit - Login option selected
18:49:52.304 [main] ERROR TestAddMyVisit - Could not enter user name
18:49:52.305 [main] ERROR TestAddMyVisit - unknown error (An unknown server-side error occurred. status='false'. Failed to complete internal method: 'elementSendText args: [WEB, xpath=(//*[cmd:equalsIgnoreCase(@nodeName,'input')][@id='username'])[1], 0, ]', details: )  (WARNING: The server did not provide any stacktrace information)
Command duration or timeout: 0 milliseconds
Build info: version: '3.12.0', revision: '7c6e0b3', time: '2018-05-08T14:04:26.12Z'
System info: host: 'LAPTOP-2HJFJ1OT', ip: '192.168.29.229', os.name: 'Windows 10', os.arch: 'amd64', os.version: '10.0', java.version: '1.8.0_281'
Driver info: io.appium.java_client.android.AndroidDriver
Capabilities {appBuildVersion: , appReleaseVersion: , appiumVersion: 1.8.0, applicationClearData: false, autoAcceptAlerts: false, autoDismissAlerts: false, autoGrantPermissions: false, autoWebview: false, browserName: Chromium, cloudViewLink: https://cloud.seetest.io:44..., commandTimeouts: 120000, desired: {browserName: Chromium, deviceQuery: @os='android' and @version=..., platformName: Android, testName: Quick Start Android Browser...}, device.category: PHONE, device.majorVersion: 8, device.manufacture: samsung, device.model: SM-G930F, device.name: samsung Galaxy S7 IO IL 086, device.os: Android, device.screenSize: 1080x1920, device.serialNumber: 98866742375a394e33, device.version: 8.0.0, deviceQuery: @os='android' and @version=..., deviceUDID: 98866742375a394e33, dontGoHomeOnQuit: false, dontStopAppOnReset: false, ehmPrefixUrl: /agent-6292135, ehmUrl: https://cloud.seetest.io:44..., fullReset: false, gridNodePort: 7811, install.only.for.update: false, installOnlyForUpdate: false, instrumentApp: false, javascriptEnabled: true, keystorePath: ~/.android/debug.keystore, locationServicesAuthorized: false, newSessionWaitTimeout: 600.0, noReset: false, platform: ANDROID, platformName: Android, projectName: , reportDirectory: reports, reportFormat: xml, reportTestId: 1136.0, reportUrl: https://cloud.seetest.io:44..., reservationDuration: 240.0, takeScreenshots: true, test.type: Mobile, testName: Quick Start Android Browser..., udid: 98866742375a394e33, useKeystore: false, waitForDeviceTimeout: 120000.0}
Session ID: CLOUD-SID:2021-05-31_09-17-07-c6c4e0ef-aec6-44df-92de-4ce487f1bf00
18:50:55.728 [main] INFO  TestAddMyVisit - ******STARTING TEST ADD MY VISIT******
18:50:57.227 [main] INFO  TestAddMyVisit - Starting QA site validation
18:50:59.668 [main] INFO  TestAddMyVisit - QA site launch is successful, Site Name : https://qa3.chilis.com/
18:51:03.907 [main] INFO  TestAddMyVisit - Pop up closed
18:51:08.716 [main] INFO  TestAddMyVisit - Menu button clicked
18:51:13.491 [main] INFO  TestAddMyVisit - Login option selected
18:51:22.197 [main] ERROR TestAddMyVisit - Could not enter user name
18:51:22.199 [main] ERROR TestAddMyVisit - unknown error (An unknown server-side error occurred. status='false'. Failed to complete internal method: 'elementSendText args: [WEB, xpath=(//*[cmd:equalsIgnoreCase(@nodeName,'input')][@id='username'])[1], 0, ]', details: )  (WARNING: The server did not provide any stacktrace information)
Command duration or timeout: 0 milliseconds
Build info: version: '3.12.0', revision: '7c6e0b3', time: '2018-05-08T14:04:26.12Z'
System info: host: 'LAPTOP-2HJFJ1OT', ip: '192.168.29.229', os.name: 'Windows 10', os.arch: 'amd64', os.version: '10.0', java.version: '1.8.0_281'
Driver info: io.appium.java_client.android.AndroidDriver
Capabilities {appBuildVersion: , appReleaseVersion: , appiumVersion: 1.8.0, applicationClearData: false, autoAcceptAlerts: false, autoDismissAlerts: false, autoGrantPermissions: false, autoWebview: false, browserName: Chromium, cloudViewLink: https://cloud.seetest.io:44..., commandTimeouts: 120000, desired: {browserName: Chromium, deviceQuery: @os='android' and @version=..., platformName: Android, testName: Quick Start Android Browser...}, device.category: PHONE, device.majorVersion: 8, device.manufacture: samsung, device.model: SM-G930F, device.name: samsung Galaxy S7 IO IL 086, device.os: Android, device.screenSize: 1080x1920, device.serialNumber: 98866742375a394e33, device.version: 8.0.0, deviceQuery: @os='android' and @version=..., deviceUDID: 98866742375a394e33, dontGoHomeOnQuit: false, dontStopAppOnReset: false, ehmPrefixUrl: /agent-6292135, ehmUrl: https://cloud.seetest.io:44..., fullReset: false, gridNodePort: 7813, install.only.for.update: false, installOnlyForUpdate: false, instrumentApp: false, javascriptEnabled: true, keystorePath: ~/.android/debug.keystore, locationServicesAuthorized: false, newSessionWaitTimeout: 600.0, noReset: false, platform: ANDROID, platformName: Android, projectName: , reportDirectory: reports, reportFormat: xml, reportTestId: 1137.0, reportUrl: https://cloud.seetest.io:44..., reservationDuration: 240.0, takeScreenshots: true, test.type: Mobile, testName: Quick Start Android Browser..., udid: 98866742375a394e33, useKeystore: false, waitForDeviceTimeout: 120000.0}
Session ID: CLOUD-SID:2021-05-31_09-20-25-eccd23db-1105-4111-8b39-14f5ce2153e1
18:57:35.948 [main] INFO  TestAddMyVisit - ******STARTING TEST ADD MY VISIT******
18:57:37.217 [main] INFO  TestAddMyVisit - Starting QA site validation
18:57:39.489 [main] INFO  TestAddMyVisit - QA site launch is successful, Site Name : https://qa3.chilis.com/
18:57:44.115 [main] INFO  TestAddMyVisit - Pop up closed
18:57:49.017 [main] INFO  TestAddMyVisit - Menu button clicked
18:57:53.907 [main] INFO  TestAddMyVisit - Login option selected
18:58:02.296 [main] INFO  TestAddMyVisit - User name (512) 212-1212 entered
18:58:08.886 [main] INFO  TestAddMyVisit - Password Brinkers@2021 entered
18:58:11.281 [main] INFO  TestAddMyVisit - Sign in button clicked
18:58:25.827 [main] INFO  TestAddMyVisit - Add my visit button clicked
18:58:38.417 [main] INFO  TestAddMyVisit - Restaurant location entered as : Addison, TX 75001, USA
18:58:50.992 [main] INFO  TestAddMyVisit - Chilis location selected as : Addison - 4500 Beltline Rd., Dallas, TX 75001
18:59:05.212 [main] ERROR TestAddMyVisit - Visit month selection failed
18:59:05.213 [main] ERROR TestAddMyVisit - unknown error (An unknown server-side error occurred. status='false'. Failed to complete internal method: 'click args: [WEB, xpath=(//*[text()='March'])[1], 0, 1]', details: Failed to click 'xpath=(//*[text()='March'])[1]'. Cannot click. The element is found but not visible on Screen. deviceScreenDimension = java.awt.Rectangle[x=0,y=0,width=1080,height=1920])  (WARNING: The server did not provide any stacktrace information)
Command duration or timeout: 0 milliseconds
Build info: version: '3.12.0', revision: '7c6e0b3', time: '2018-05-08T14:04:26.12Z'
System info: host: 'LAPTOP-2HJFJ1OT', ip: '192.168.29.229', os.name: 'Windows 10', os.arch: 'amd64', os.version: '10.0', java.version: '1.8.0_281'
Driver info: io.appium.java_client.android.AndroidDriver
Capabilities {appBuildVersion: , appReleaseVersion: , appiumVersion: 1.8.0, applicationClearData: false, autoAcceptAlerts: false, autoDismissAlerts: false, autoGrantPermissions: false, autoWebview: false, browserName: Chromium, cloudViewLink: https://cloud.seetest.io:44..., commandTimeouts: 120000, desired: {browserName: Chromium, deviceQuery: @os='android' and @version=..., platformName: Android, testName: Quick Start Android Browser...}, device.category: PHONE, device.majorVersion: 8, device.manufacture: samsung, device.model: SM-G930F, device.name: samsung Galaxy S7 IO IL 086, device.os: Android, device.screenSize: 1080x1920, device.serialNumber: 98866742375a394e33, device.version: 8.0.0, deviceQuery: @os='android' and @version=..., deviceUDID: 98866742375a394e33, dontGoHomeOnQuit: false, dontStopAppOnReset: false, ehmPrefixUrl: /agent-6292135, ehmUrl: https://cloud.seetest.io:44..., fullReset: false, gridNodePort: 7818, install.only.for.update: false, installOnlyForUpdate: false, instrumentApp: false, javascriptEnabled: true, keystorePath: ~/.android/debug.keystore, locationServicesAuthorized: false, newSessionWaitTimeout: 600.0, noReset: false, platform: ANDROID, platformName: Android, projectName: , reportDirectory: reports, reportFormat: xml, reportTestId: 1138.0, reportUrl: https://cloud.seetest.io:44..., reservationDuration: 240.0, takeScreenshots: true, test.type: Mobile, testName: Quick Start Android Browser..., udid: 98866742375a394e33, useKeystore: false, waitForDeviceTimeout: 120000.0}
Session ID: CLOUD-SID:2021-05-31_09-27-05-911f9911-c2e3-49b1-998e-d15bce44571d
22:40:11.571 [main] INFO  TestAddMyVisit - ******STARTING TEST ADD MY VISIT******
22:40:12.959 [main] INFO  TestAddMyVisit - Starting QA site validation
22:40:35.163 [main] ERROR TestAddMyVisit - QA site launch failed
22:40:35.163 [main] ERROR TestAddMyVisit - Expected condition failed: waiting for presence of element located by: By.className: close-btn (tried for 15 second(s) with 500 milliseconds interval)
22:41:09.083 [main] INFO  TestAddMyVisit - ******STARTING TEST ADD MY VISIT******
22:41:10.087 [main] INFO  TestAddMyVisit - Starting QA site validation
22:41:31.997 [main] ERROR TestAddMyVisit - QA site launch failed
22:41:31.997 [main] ERROR TestAddMyVisit - Expected condition failed: waiting for presence of element located by: By.className: close-btn (tried for 15 second(s) with 500 milliseconds interval)
22:42:29.714 [main] INFO  TestAddMyVisit - ******STARTING TEST ADD MY VISIT******
22:42:31.144 [main] INFO  TestAddMyVisit - Starting QA site validation
22:42:33.372 [main] INFO  TestAddMyVisit - QA site launch is successful, Site Name : https://qa3.chilis.com/
22:42:37.659 [main] INFO  TestAddMyVisit - Pop up closed
22:42:42.124 [main] INFO  TestAddMyVisit - Menu button clicked
22:42:47.118 [main] INFO  TestAddMyVisit - Login option selected
22:42:55.050 [main] INFO  TestAddMyVisit - User name (512) 212-1212 entered
22:43:01.003 [main] INFO  TestAddMyVisit - Password Brinkers@2021 entered
22:43:03.003 [main] INFO  TestAddMyVisit - Sign in button clicked
22:43:16.991 [main] INFO  TestAddMyVisit - Add my visit button clicked
22:43:28.429 [main] INFO  TestAddMyVisit - Restaurant location entered as : Addison, TX 75001, USA
22:43:40.877 [main] INFO  TestAddMyVisit - Chilis location selected as : Addison - 4500 Beltline Rd., Dallas, TX 75001
22:44:04.532 [main] ERROR TestAddMyVisit - Visit month selection failed
22:44:04.533 [main] ERROR TestAddMyVisit - no such element (An element could not be located on the page using the given search parameters (XPATH='//android.widget.CheckedTextView[@text='March']'))  (WARNING: The server did not provide any stacktrace information)
Command duration or timeout: 0 milliseconds
For documentation on this error, please visit: http://seleniumhq.org/exceptions/no_such_element.html
Build info: version: '3.12.0', revision: '7c6e0b3', time: '2018-05-08T14:04:26.12Z'
System info: host: 'LAPTOP-2HJFJ1OT', ip: '192.168.29.229', os.name: 'Windows 10', os.arch: 'amd64', os.version: '10.0', java.version: '1.8.0_281'
Driver info: io.appium.java_client.android.AndroidDriver
Capabilities {appBuildVersion: , appReleaseVersion: , appiumVersion: 1.8.0, applicationClearData: false, autoAcceptAlerts: false, autoDismissAlerts: false, autoGrantPermissions: false, autoWebview: false, browserName: Chromium, cloudViewLink: https://cloud.seetest.io:44..., commandTimeouts: 120000, desired: {browserName: Chromium, deviceQuery: @os='android' and @version=..., platformName: Android, testName: Quick Start Android Browser...}, device.category: PHONE, device.majorVersion: 8, device.manufacture: samsung, device.model: SM-N950F, device.name: galaxy NOTE 8 IO IL 058, device.os: Android, device.screenSize: 1080x2220, device.serialNumber: ce061716e0a9dcc00c7e, device.version: 8.0.0, deviceQuery: @os='android' and @version=..., deviceUDID: ce061716e0a9dcc00c7e, dontGoHomeOnQuit: false, dontStopAppOnReset: false, ehmPrefixUrl: /agent-6292135, ehmUrl: https://cloud.seetest.io:44..., fullReset: false, gridNodePort: 7840, install.only.for.update: false, installOnlyForUpdate: false, instrumentApp: false, javascriptEnabled: true, keystorePath: ~/.android/debug.keystore, locationServicesAuthorized: false, newSessionWaitTimeout: 600.0, noReset: false, platform: ANDROID, platformName: Android, projectName: , reportDirectory: reports, reportFormat: xml, reportTestId: 1141.0, reportUrl: https://cloud.seetest.io:44..., reservationDuration: 240.0, takeScreenshots: true, test.type: Mobile, testName: Quick Start Android Browser..., udid: ce061716e0a9dcc00c7e, useKeystore: false, waitForDeviceTimeout: 120000.0}
Session ID: CLOUD-SID:2021-05-31_13-12-05-fa02878c-7218-44eb-93ca-9eb56e77a8b3
*** Element info: {Using=xpath, value=//android.widget.CheckedTextView[@text='March']}
22:48:44.328 [main] INFO  TestAddMyVisit - ******STARTING TEST ADD MY VISIT******
22:48:45.414 [main] INFO  TestAddMyVisit - Starting QA site validation
22:48:47.495 [main] INFO  TestAddMyVisit - QA site launch is successful, Site Name : https://qa3.chilis.com/
22:48:51.433 [main] INFO  TestAddMyVisit - Pop up closed
22:48:55.925 [main] INFO  TestAddMyVisit - Menu button clicked
22:49:00.678 [main] INFO  TestAddMyVisit - Login option selected
22:49:08.394 [main] INFO  TestAddMyVisit - User name (512) 212-1212 entered
22:49:14.192 [main] INFO  TestAddMyVisit - Password Brinkers@2021 entered
22:49:16.169 [main] INFO  TestAddMyVisit - Sign in button clicked
22:49:28.507 [main] INFO  TestAddMyVisit - Add my visit button clicked
22:49:39.795 [main] INFO  TestAddMyVisit - Restaurant location entered as : Addison, TX 75001, USA
22:49:52.740 [main] INFO  TestAddMyVisit - Chilis location selected as : Addison - 4500 Beltline Rd., Dallas, TX 75001
22:50:08.344 [main] INFO  TestAddMyVisit - Visit month selected as :April
23:02:18.283 [main] INFO  TestAddMyVisit - ******STARTING TEST ADD MY VISIT******
23:02:19.603 [main] INFO  TestAddMyVisit - Starting QA site validation
23:02:21.764 [main] INFO  TestAddMyVisit - QA site launch is successful, Site Name : https://qa3.chilis.com/
23:02:25.822 [main] INFO  TestAddMyVisit - Pop up closed
23:02:30.205 [main] INFO  TestAddMyVisit - Menu button clicked
23:02:34.991 [main] INFO  TestAddMyVisit - Login option selected
23:02:41.744 [main] INFO  TestAddMyVisit - User name (512) 212-1212 entered
23:02:47.271 [main] INFO  TestAddMyVisit - Password Brinkers@2021 entered
23:02:49.344 [main] INFO  TestAddMyVisit - Sign in button clicked
23:03:06.097 [main] INFO  TestAddMyVisit - Add my visit button clicked
23:03:17.271 [main] INFO  TestAddMyVisit - Restaurant location entered as : Addison, TX 75001, USA
23:03:28.789 [main] INFO  TestAddMyVisit - Chilis location selected as : Addison - 4500 Beltline Rd., Dallas, TX 75001
23:03:42.985 [main] INFO  TestAddMyVisit - Visit month selected as :April
23:19:37.467 [main] INFO  TestAddMyVisit - ******STARTING TEST ADD MY VISIT******
23:19:38.449 [main] INFO  TestAddMyVisit - Starting QA site validation
23:19:40.877 [main] INFO  TestAddMyVisit - QA site launch is successful, Site Name : https://qa3.chilis.com/
23:19:44.952 [main] INFO  TestAddMyVisit - Pop up closed
23:19:49.431 [main] INFO  TestAddMyVisit - Menu button clicked
23:19:54.134 [main] INFO  TestAddMyVisit - Login option selected
23:20:01.492 [main] INFO  TestAddMyVisit - User name (512) 212-1212 entered
23:20:07.072 [main] INFO  TestAddMyVisit - Password Brinkers@2021 entered
23:20:09.142 [main] INFO  TestAddMyVisit - Sign in button clicked
23:20:23.787 [main] INFO  TestAddMyVisit - Add my visit button clicked
23:20:34.597 [main] INFO  TestAddMyVisit - Restaurant location entered as : Addison, TX 75001, USA
23:20:47.035 [main] INFO  TestAddMyVisit - Chilis location selected as : Addison - 4500 Beltline Rd., Dallas, TX 75001
23:21:02.143 [main] INFO  TestAddMyVisit - Visit month selected as :April
23:46:55.161 [main] INFO  TestAddMyVisit - ******STARTING TEST ADD MY VISIT******
23:46:56.482 [main] INFO  TestAddMyVisit - Starting QA site validation
23:46:58.775 [main] INFO  TestAddMyVisit - QA site launch is successful, Site Name : https://qa3.chilis.com/
23:47:02.897 [main] INFO  TestAddMyVisit - Pop up closed
23:47:07.577 [main] INFO  TestAddMyVisit - Menu button clicked
23:47:12.701 [main] INFO  TestAddMyVisit - Login option selected
23:47:20.576 [main] INFO  TestAddMyVisit - User name (512) 212-1212 entered
23:47:26.582 [main] INFO  TestAddMyVisit - Password Brinkers@2021 entered
23:47:28.773 [main] INFO  TestAddMyVisit - Sign in button clicked
23:47:44.035 [main] INFO  TestAddMyVisit - Add my visit button clicked
23:47:56.760 [main] INFO  TestAddMyVisit - Restaurant location entered as : Addison, TX 75001, USA
23:48:09.489 [main] INFO  TestAddMyVisit - Chilis location selected as : Addison - 4500 Beltline Rd., Dallas, TX 75001
23:48:25.641 [main] INFO  TestAddMyVisit - Visit month selected as :April
23:52:23.290 [main] INFO  TestAddMyVisit - ******STARTING TEST ADD MY VISIT******
23:52:24.526 [main] INFO  TestAddMyVisit - Starting QA site validation
23:52:26.625 [main] INFO  TestAddMyVisit - QA site launch is successful, Site Name : https://qa3.chilis.com/
23:52:30.703 [main] INFO  TestAddMyVisit - Pop up closed
23:52:35.462 [main] INFO  TestAddMyVisit - Menu button clicked
23:52:40.258 [main] INFO  TestAddMyVisit - Login option selected
23:52:48.146 [main] INFO  TestAddMyVisit - User name (512) 212-1212 entered
23:52:54.213 [main] INFO  TestAddMyVisit - Password Brinkers@2021 entered
23:52:56.294 [main] INFO  TestAddMyVisit - Sign in button clicked
23:53:09.264 [main] INFO  TestAddMyVisit - Add my visit button clicked
23:53:22.026 [main] INFO  TestAddMyVisit - Restaurant location entered as : Addison, TX 75001, USA
23:53:34.751 [main] INFO  TestAddMyVisit - Chilis location selected as : Addison - 4500 Beltline Rd., Dallas, TX 75001
23:53:50.933 [main] INFO  TestAddMyVisit - Visit month selected as :April
23:54:05.417 [main] ERROR TestAddMyVisit - Visit day selection failed
23:54:05.418 [main] ERROR TestAddMyVisit - unknown error (An unknown server-side error occurred. status='false'. Failed to complete internal method: 'click args: [WEB, xpath=(//*[@id='visit-day'])[1], 0, 1]', details: Failed to click 'xpath=(//*[@id='visit-day'])[1]'. Cannot click. The element is found but not visible on Screen. deviceScreenDimension = java.awt.Rectangle[x=0,y=0,width=1080,height=1920])  (WARNING: The server did not provide any stacktrace information)
Command duration or timeout: 0 milliseconds
Build info: version: '3.12.0', revision: '7c6e0b3', time: '2018-05-08T14:04:26.12Z'
System info: host: 'LAPTOP-2HJFJ1OT', ip: '192.168.29.229', os.name: 'Windows 10', os.arch: 'amd64', os.version: '10.0', java.version: '1.8.0_281'
Driver info: io.appium.java_client.android.AndroidDriver
Capabilities {appBuildVersion: , appReleaseVersion: , appiumVersion: 1.8.0, applicationClearData: false, autoAcceptAlerts: false, autoDismissAlerts: false, autoGrantPermissions: false, autoWebview: false, browserName: Chromium, cloudViewLink: https://cloud.seetest.io:44..., commandTimeouts: 120000, desired: {browserName: Chromium, deviceQuery: @os='android' and @version=..., platformName: Android, testName: Quick Start Android Browser...}, device.category: PHONE, device.majorVersion: 8, device.manufacture: samsung, device.model: SM-G930F, device.name: samsung Galaxy S7 IO IL 086, device.os: Android, device.screenSize: 1080x1920, device.serialNumber: 98866742375a394e33, device.version: 8.0.0, deviceQuery: @os='android' and @version=..., deviceUDID: 98866742375a394e33, dontGoHomeOnQuit: false, dontStopAppOnReset: false, ehmPrefixUrl: /agent-6292135, ehmUrl: https://cloud.seetest.io:44..., fullReset: false, gridNodePort: 7847, install.only.for.update: false, installOnlyForUpdate: false, instrumentApp: false, javascriptEnabled: true, keystorePath: ~/.android/debug.keystore, locationServicesAuthorized: false, newSessionWaitTimeout: 600.0, noReset: false, platform: ANDROID, platformName: Android, projectName: , reportDirectory: reports, reportFormat: xml, reportTestId: 1147.0, reportUrl: https://cloud.seetest.io:44..., reservationDuration: 240.0, takeScreenshots: true, test.type: Mobile, testName: Quick Start Android Browser..., udid: 98866742375a394e33, useKeystore: false, waitForDeviceTimeout: 120000.0}
Session ID: CLOUD-SID:2021-05-31_14-21-56-9f185400-bcb1-458e-93b2-f8ed22efa9e4
23:57:09.025 [main] INFO  TestAddMyVisit - ******STARTING TEST ADD MY VISIT******
23:57:10.024 [main] INFO  TestAddMyVisit - Starting QA site validation
23:57:12.156 [main] INFO  TestAddMyVisit - QA site launch is successful, Site Name : https://qa3.chilis.com/
23:57:16.393 [main] INFO  TestAddMyVisit - Pop up closed
23:57:21.079 [main] INFO  TestAddMyVisit - Menu button clicked
23:57:25.865 [main] INFO  TestAddMyVisit - Login option selected
23:57:33.319 [main] INFO  TestAddMyVisit - User name (512) 212-1212 entered
23:57:39.371 [main] INFO  TestAddMyVisit - Password Brinkers@2021 entered
23:57:41.478 [main] INFO  TestAddMyVisit - Sign in button clicked
23:57:54.462 [main] INFO  TestAddMyVisit - Add my visit button clicked
23:58:07.732 [main] INFO  TestAddMyVisit - Restaurant location entered as : Addison, TX 75001, USA
23:58:20.522 [main] INFO  TestAddMyVisit - Chilis location selected as : Addison - 4500 Beltline Rd., Dallas, TX 75001
23:58:44.065 [main] INFO  TestAddMyVisit - Visit month selected as :April
23:58:58.941 [main] ERROR TestAddMyVisit - Visit day selection failed
23:58:58.942 [main] ERROR TestAddMyVisit - unknown error (An unknown server-side error occurred. status='false'. Failed to complete internal method: 'click args: [WEB, xpath=(//*[@id='visit-day'])[1], 0, 1]', details: Failed to click 'xpath=(//*[@id='visit-day'])[1]'. Cannot click. The element is found but not visible on Screen. deviceScreenDimension = java.awt.Rectangle[x=0,y=0,width=1080,height=1920])  (WARNING: The server did not provide any stacktrace information)
Command duration or timeout: 0 milliseconds
Build info: version: '3.12.0', revision: '7c6e0b3', time: '2018-05-08T14:04:26.12Z'
System info: host: 'LAPTOP-2HJFJ1OT', ip: '192.168.29.229', os.name: 'Windows 10', os.arch: 'amd64', os.version: '10.0', java.version: '1.8.0_281'
Driver info: io.appium.java_client.android.AndroidDriver
Capabilities {appBuildVersion: , appReleaseVersion: , appiumVersion: 1.8.0, applicationClearData: false, autoAcceptAlerts: false, autoDismissAlerts: false, autoGrantPermissions: false, autoWebview: false, browserName: Chromium, cloudViewLink: https://cloud.seetest.io:44..., commandTimeouts: 120000, desired: {browserName: Chromium, deviceQuery: @os='android' and @version=..., platformName: Android, testName: Quick Start Android Browser...}, device.category: PHONE, device.majorVersion: 8, device.manufacture: samsung, device.model: SM-G930F, device.name: samsung Galaxy S7 IO IL 086, device.os: Android, device.screenSize: 1080x1920, device.serialNumber: 98866742375a394e33, device.version: 8.0.0, deviceQuery: @os='android' and @version=..., deviceUDID: 98866742375a394e33, dontGoHomeOnQuit: false, dontStopAppOnReset: false, ehmPrefixUrl: /agent-6292135, ehmUrl: https://cloud.seetest.io:44..., fullReset: false, gridNodePort: 7848, install.only.for.update: false, installOnlyForUpdate: false, instrumentApp: false, javascriptEnabled: true, keystorePath: ~/.android/debug.keystore, locationServicesAuthorized: false, newSessionWaitTimeout: 600.0, noReset: false, platform: ANDROID, platformName: Android, projectName: , reportDirectory: reports, reportFormat: xml, reportTestId: 1148.0, reportUrl: https://cloud.seetest.io:44..., reservationDuration: 240.0, takeScreenshots: true, test.type: Mobile, testName: Quick Start Android Browser..., udid: 98866742375a394e33, useKeystore: false, waitForDeviceTimeout: 120000.0}
Session ID: CLOUD-SID:2021-05-31_14-26-35-adaa4644-e09b-4253-b7c1-3f11a92d16cd
