12:40:15.196 [main] INFO  TestGuestCurbsideOrder - ******STARTING TEST GUEST CURBSIDE ORDER******
12:40:16.403 [main] INFO  TestGuestCurbsideOrder - Starting QA site validation
12:40:18.642 [main] INFO  TestGuestCurbsideOrder - QA site launch is successful, Site Name : https://qa3.chilis.com/
12:40:22.951 [main] INFO  TestGuestCurbsideOrder - Pop up closed
12:40:27.756 [main] INFO  TestGuestCurbsideOrder - Menu button clicked
12:40:32.880 [main] INFO  TestGuestCurbsideOrder - Location option selected
12:40:39.636 [main] INFO  TestGuestCurbsideOrder - Restaurant location Addison, TX 75001, USA entered
12:40:44.752 [main] INFO  TestGuestCurbsideOrder - Search button clicked
12:41:01.341 [main] INFO  TestGuestCurbsideOrder - Site scrolled and order button clicked
12:41:12.400 [main] INFO  TestGuestCurbsideOrder - Site scrolled and category Appetizers selected
12:41:21.845 [main] INFO  TestGuestCurbsideOrder - Site scrolled and itemSouthwestern Eggrollsclicked
12:41:30.690 [main] INFO  TestGuestCurbsideOrder - Item added to cart
12:41:39.530 [main] INFO  TestGuestCurbsideOrder - View Cart clicked
12:41:46.800 [main] INFO  TestGuestCurbsideOrder - Order checked Out
12:42:03.660 [main] INFO  TestGuestCurbsideOrder - Site scrolled and Curbside mode is selected
12:42:26.080 [main] INFO  TestGuestCurbsideOrder - 'ASAP' pickup time is selected
12:42:43.540 [main] INFO  TestGuestCurbsideOrder - First name entered as : Test1
12:42:59.110 [main] INFO  TestGuestCurbsideOrder - Last name entered as : Data1
12:43:18.560 [main] INFO  TestGuestCurbsideOrder - Contact Number entered as : (512)242-4242
12:43:37.835 [main] INFO  TestGuestCurbsideOrder - Email address entered as : abcd@qmail.com
12:43:59.955 [main] INFO  TestGuestCurbsideOrder - Vehicle make entered as Toyota
12:44:21.555 [main] INFO  TestGuestCurbsideOrder - Vehicle model entered as : E1346
12:44:39.114 [main] INFO  TestGuestCurbsideOrder - Vehicle Color entered as Blue
12:44:53.694 [main] INFO  TestGuestCurbsideOrder - Payment button clicked
12:45:00.724 [main] INFO  TestGuestCurbsideOrder - Card Number entered as : 4111111111111111
12:45:07.585 [main] INFO  TestGuestCurbsideOrder - CVV entered as : 145
12:45:13.984 [main] INFO  TestGuestCurbsideOrder - Expiration Month selected as : 4
12:45:20.394 [main] INFO  TestGuestCurbsideOrder - Expiration Month selected as : 4
12:45:27.204 [main] INFO  TestGuestCurbsideOrder - Name on Card entered as : Somnath
12:45:45.264 [main] ERROR TestGuestCurbsideOrder - Failed to enter Billing zip code
12:45:45.269 [main] ERROR TestGuestCurbsideOrder - Expected condition failed: waiting for element to be clickable: By.xpath: //*[@id='zipcode'] (tried for 15 second(s) with 500 milliseconds interval)
Build info: version: '3.12.0', revision: '7c6e0b3', time: '2018-05-08T14:04:26.12Z'
System info: host: 'LAPTOP-2HJFJ1OT', ip: '192.168.29.230', os.name: 'Windows 10', os.arch: 'amd64', os.version: '10.0', java.version: '1.8.0_281'
Driver info: io.appium.java_client.android.AndroidDriver
Capabilities {appBuildVersion: , appReleaseVersion: , appiumVersion: 1.8.0, applicationClearData: false, autoAcceptAlerts: false, autoDismissAlerts: false, autoGrantPermissions: false, autoWebview: false, browserName: Chromium, cloudViewLink: https://cloud.seetest.io:44..., commandTimeouts: 120000, desired: {browserName: Chromium, deviceQuery: @os='android' and @version=..., platformName: Android, testName: Quick Start Android Browser...}, device.category: PHONE, device.majorVersion: 8, device.manufacture: samsung, device.model: SM-G930F, device.name: samsung Galaxy S7 IO IL 086, device.os: Android, device.screenSize: 1080x1920, device.serialNumber: 98866742375a394e33, device.version: 8.0.0, deviceQuery: @os='android' and @version=..., deviceUDID: 98866742375a394e33, dontGoHomeOnQuit: false, dontStopAppOnReset: false, ehmPrefixUrl: /agent-6292135, ehmUrl: https://cloud.seetest.io:44..., fullReset: false, gridNodePort: 7786, install.only.for.update: false, installOnlyForUpdate: false, instrumentApp: false, javascriptEnabled: true, keystorePath: ~/.android/debug.keystore, locationServicesAuthorized: false, newSessionWaitTimeout: 600.0, noReset: false, platform: ANDROID, platformName: Android, projectName: , reportDirectory: reports, reportFormat: xml, reportTestId: 1452.0, reportUrl: https://cloud.seetest.io:44..., reservationDuration: 240.0, takeScreenshots: true, test.type: Mobile, testName: Quick Start Android Browser..., udid: 98866742375a394e33, useKeystore: false, waitForDeviceTimeout: 120000.0}
Session ID: CLOUD-SID:2021-06-07_03-09-44-472d9dbf-9623-4ab1-98dc-9d0c370dac18
12:51:29.958 [main] INFO  TestGuestCurbsideOrder - ******STARTING TEST GUEST CURBSIDE ORDER******
12:51:31.055 [main] INFO  TestGuestCurbsideOrder - Starting QA site validation
12:51:33.075 [main] INFO  TestGuestCurbsideOrder - QA site launch is successful, Site Name : https://qa3.chilis.com/
12:51:37.369 [main] INFO  TestGuestCurbsideOrder - Pop up closed
12:51:41.738 [main] INFO  TestGuestCurbsideOrder - Menu button clicked
12:51:46.432 [main] INFO  TestGuestCurbsideOrder - Location option selected
12:51:52.126 [main] INFO  TestGuestCurbsideOrder - Restaurant location Addison, TX 75001, USA entered
12:51:56.906 [main] INFO  TestGuestCurbsideOrder - Search button clicked
12:52:14.758 [main] INFO  TestGuestCurbsideOrder - Site scrolled and order button clicked
12:52:25.090 [main] INFO  TestGuestCurbsideOrder - Site scrolled and category Appetizers selected
12:52:34.462 [main] INFO  TestGuestCurbsideOrder - Site scrolled and itemSouthwestern Eggrollsclicked
12:52:43.538 [main] INFO  TestGuestCurbsideOrder - Item added to cart
12:52:51.293 [main] INFO  TestGuestCurbsideOrder - View Cart clicked
12:52:58.113 [main] INFO  TestGuestCurbsideOrder - Order checked Out
12:53:14.772 [main] INFO  TestGuestCurbsideOrder - Site scrolled and Curbside mode is selected
12:53:28.132 [main] INFO  TestGuestCurbsideOrder - 'ASAP' pickup time is selected
12:53:39.919 [main] INFO  TestGuestCurbsideOrder - First name entered as : Test1
12:53:49.776 [main] INFO  TestGuestCurbsideOrder - Last name entered as : Data1
12:54:01.355 [main] INFO  TestGuestCurbsideOrder - Contact Number entered as : (512)242-4242
12:54:13.987 [main] INFO  TestGuestCurbsideOrder - Email address entered as : abcd@qmail.com
12:54:26.330 [main] INFO  TestGuestCurbsideOrder - Vehicle make entered as Toyota
12:54:40.204 [main] INFO  TestGuestCurbsideOrder - Vehicle model entered as : E1346
12:54:51.635 [main] INFO  TestGuestCurbsideOrder - Vehicle Color entered as Blue
12:55:00.767 [main] INFO  TestGuestCurbsideOrder - Payment button clicked
12:55:08.319 [main] INFO  TestGuestCurbsideOrder - Card Number entered as : 4111111111111111
12:55:14.992 [main] INFO  TestGuestCurbsideOrder - CVV entered as : 145
12:55:21.130 [main] INFO  TestGuestCurbsideOrder - Expiration Month selected as : 4
12:55:27.144 [main] INFO  TestGuestCurbsideOrder - Expiration Month selected as : 4
12:55:34.187 [main] INFO  TestGuestCurbsideOrder - Name on Card entered as : Somnath
12:55:40.474 [main] INFO  TestGuestCurbsideOrder - Billing zip code entered as : 75001
12:55:56.199 [main] ERROR TestGuestCurbsideOrder - Failed to click place order button
12:55:56.202 [main] ERROR TestGuestCurbsideOrder - Expected condition failed: waiting for element to be clickable: By.xpath: //*[@id='place-order-submit'] (tried for 15 second(s) with 500 milliseconds interval)
Build info: version: '3.12.0', revision: '7c6e0b3', time: '2018-05-08T14:04:26.12Z'
System info: host: 'LAPTOP-2HJFJ1OT', ip: '192.168.29.230', os.name: 'Windows 10', os.arch: 'amd64', os.version: '10.0', java.version: '1.8.0_281'
Driver info: io.appium.java_client.android.AndroidDriver
Capabilities {appBuildVersion: , appReleaseVersion: , appiumVersion: 1.8.0, applicationClearData: false, autoAcceptAlerts: false, autoDismissAlerts: false, autoGrantPermissions: false, autoWebview: false, browserName: Chromium, cloudViewLink: https://cloud.seetest.io:44..., commandTimeouts: 120000, desired: {browserName: Chromium, deviceQuery: @os='android' and @version=..., platformName: Android, testName: Quick Start Android Browser...}, device.category: PHONE, device.majorVersion: 8, device.manufacture: samsung, device.model: SM-G930F, device.name: samsung Galaxy S7 IO IL 086, device.os: Android, device.screenSize: 1080x1920, device.serialNumber: 98866742375a394e33, device.version: 8.0.0, deviceQuery: @os='android' and @version=..., deviceUDID: 98866742375a394e33, dontGoHomeOnQuit: false, dontStopAppOnReset: false, ehmPrefixUrl: /agent-6292135, ehmUrl: https://cloud.seetest.io:44..., fullReset: false, gridNodePort: 7787, install.only.for.update: false, installOnlyForUpdate: false, instrumentApp: false, javascriptEnabled: true, keystorePath: ~/.android/debug.keystore, locationServicesAuthorized: false, newSessionWaitTimeout: 600.0, noReset: false, platform: ANDROID, platformName: Android, projectName: , reportDirectory: reports, reportFormat: xml, reportTestId: 1453.0, reportUrl: https://cloud.seetest.io:44..., reservationDuration: 240.0, takeScreenshots: true, test.type: Mobile, testName: Quick Start Android Browser..., udid: 98866742375a394e33, useKeystore: false, waitForDeviceTimeout: 120000.0}
Session ID: CLOUD-SID:2021-06-07_03-21-01-a380bab9-80f9-4f38-86a6-15552dbeb6a7
13:10:24.812 [main] INFO  TestGuestCurbsideOrder - ******STARTING TEST GUEST CURBSIDE ORDER******
13:10:26.095 [main] INFO  TestGuestCurbsideOrder - Starting QA site validation
13:10:28.295 [main] INFO  TestGuestCurbsideOrder - QA site launch is successful, Site Name : https://qa3.chilis.com/
13:10:32.520 [main] INFO  TestGuestCurbsideOrder - Pop up closed
13:10:37.156 [main] INFO  TestGuestCurbsideOrder - Menu button clicked
13:10:42.205 [main] INFO  TestGuestCurbsideOrder - Location option selected
13:10:48.549 [main] INFO  TestGuestCurbsideOrder - Restaurant location Addison, TX 75001, USA entered
13:10:53.496 [main] INFO  TestGuestCurbsideOrder - Search button clicked
13:11:11.383 [main] INFO  TestGuestCurbsideOrder - Site scrolled and order button clicked
13:11:22.476 [main] INFO  TestGuestCurbsideOrder - Site scrolled and category Appetizers selected
13:11:31.939 [main] INFO  TestGuestCurbsideOrder - Site scrolled and itemSouthwestern Eggrollsclicked
13:11:41.170 [main] INFO  TestGuestCurbsideOrder - Item added to cart
13:11:50.169 [main] INFO  TestGuestCurbsideOrder - View Cart clicked
13:11:57.973 [main] INFO  TestGuestCurbsideOrder - Order checked Out
13:12:15.105 [main] INFO  TestGuestCurbsideOrder - Site scrolled and Curbside mode is selected
13:12:33.967 [main] INFO  TestGuestCurbsideOrder - 'ASAP' pickup time is selected
13:12:50.145 [main] INFO  TestGuestCurbsideOrder - First name entered as : Test1
13:13:03.818 [main] INFO  TestGuestCurbsideOrder - Last name entered as : Data1
13:13:21.434 [main] INFO  TestGuestCurbsideOrder - Contact Number entered as : (512)242-3434
13:13:37.786 [main] INFO  TestGuestCurbsideOrder - Email address entered as : abcd@qmail.com
13:13:55.916 [main] INFO  TestGuestCurbsideOrder - Vehicle make entered as Toyota
13:14:15.289 [main] INFO  TestGuestCurbsideOrder - Vehicle model entered as : E1346
13:14:30.280 [main] INFO  TestGuestCurbsideOrder - Vehicle Color entered as Blue
13:14:42.506 [main] INFO  TestGuestCurbsideOrder - Payment button clicked
13:14:50.399 [main] INFO  TestGuestCurbsideOrder - Card Number entered as : 4111111111111111
13:14:57.089 [main] INFO  TestGuestCurbsideOrder - CVV entered as : 145
13:15:03.841 [main] INFO  TestGuestCurbsideOrder - Expiration Month selected as : 4
13:15:10.746 [main] INFO  TestGuestCurbsideOrder - Name on Card entered as : Somnath
13:15:16.643 [main] INFO  TestGuestCurbsideOrder - Billing zip code entered as : 75001
13:15:22.332 [main] INFO  TestGuestCurbsideOrder - Pick up cost displayed as : $10.38
13:15:30.821 [main] INFO  TestGuestCurbsideOrder - Place order button clicked
13:15:41.725 [main] ERROR TestGuestCurbsideOrder - Success message not displayed
13:15:41.731 [main] ERROR TestGuestCurbsideOrder - no such element (An element could not be located on the page using the given search parameters (XPATH='//*[@id='page-container']/div/div[1]/div[1]/div/h1'))  (WARNING: The server did not provide any stacktrace information)
Command duration or timeout: 0 milliseconds
For documentation on this error, please visit: http://seleniumhq.org/exceptions/no_such_element.html
Build info: version: '3.12.0', revision: '7c6e0b3', time: '2018-05-08T14:04:26.12Z'
System info: host: 'LAPTOP-2HJFJ1OT', ip: '192.168.29.230', os.name: 'Windows 10', os.arch: 'amd64', os.version: '10.0', java.version: '1.8.0_281'
Driver info: io.appium.java_client.android.AndroidDriver
Capabilities {appBuildVersion: , appReleaseVersion: , appiumVersion: 1.8.0, applicationClearData: false, autoAcceptAlerts: false, autoDismissAlerts: false, autoGrantPermissions: false, autoWebview: false, browserName: Chromium, cloudViewLink: https://cloud.seetest.io:44..., commandTimeouts: 120000, desired: {browserName: Chromium, deviceQuery: @os='android' and @version=..., platformName: Android, testName: Quick Start Android Browser...}, device.category: PHONE, device.majorVersion: 8, device.manufacture: samsung, device.model: SM-G930F, device.name: samsung Galaxy S7 IO IL 086, device.os: Android, device.screenSize: 1080x1920, device.serialNumber: 98866742375a394e33, device.version: 8.0.0, deviceQuery: @os='android' and @version=..., deviceUDID: 98866742375a394e33, dontGoHomeOnQuit: false, dontStopAppOnReset: false, ehmPrefixUrl: /agent-6292135, ehmUrl: https://cloud.seetest.io:44..., fullReset: false, gridNodePort: 7788, install.only.for.update: false, installOnlyForUpdate: false, instrumentApp: false, javascriptEnabled: true, keystorePath: ~/.android/debug.keystore, locationServicesAuthorized: false, newSessionWaitTimeout: 600.0, noReset: false, platform: ANDROID, platformName: Android, projectName: , reportDirectory: reports, reportFormat: xml, reportTestId: 1458.0, reportUrl: https://cloud.seetest.io:44..., reservationDuration: 240.0, takeScreenshots: true, test.type: Mobile, testName: Quick Start Android Browser..., udid: 98866742375a394e33, useKeystore: false, waitForDeviceTimeout: 120000.0}
Session ID: CLOUD-SID:2021-06-07_03-39-58-759266de-ef42-41f7-a35e-079f7d72c208
*** Element info: {Using=xpath, value=//*[@id='page-container']/div/div[1]/div[1]/div/h1}
13:18:41.685 [main] INFO  TestGuestCurbsideOrder - ******STARTING TEST GUEST CURBSIDE ORDER******
13:18:42.878 [main] INFO  TestGuestCurbsideOrder - Starting QA site validation
13:18:45.055 [main] INFO  TestGuestCurbsideOrder - QA site launch is successful, Site Name : https://qa3.chilis.com/
13:18:49.324 [main] INFO  TestGuestCurbsideOrder - Pop up closed
13:18:53.989 [main] INFO  TestGuestCurbsideOrder - Menu button clicked
13:18:58.897 [main] INFO  TestGuestCurbsideOrder - Location option selected
13:19:04.859 [main] INFO  TestGuestCurbsideOrder - Restaurant location Addison, TX 75001, USA entered
13:19:10.252 [main] INFO  TestGuestCurbsideOrder - Search button clicked
13:19:26.765 [main] INFO  TestGuestCurbsideOrder - Site scrolled and order button clicked
13:19:37.518 [main] INFO  TestGuestCurbsideOrder - Site scrolled and category Appetizers selected
13:19:46.870 [main] INFO  TestGuestCurbsideOrder - Site scrolled and itemSouthwestern Eggrollsclicked
13:19:56.043 [main] INFO  TestGuestCurbsideOrder - Item added to cart
13:20:05.166 [main] INFO  TestGuestCurbsideOrder - View Cart clicked
13:20:13.060 [main] INFO  TestGuestCurbsideOrder - Order checked Out
13:20:28.787 [main] INFO  TestGuestCurbsideOrder - Site scrolled and Curbside mode is selected
13:20:45.022 [main] INFO  TestGuestCurbsideOrder - 'ASAP' pickup time is selected
13:20:58.909 [main] INFO  TestGuestCurbsideOrder - First name entered as : Test1
13:21:09.239 [main] INFO  TestGuestCurbsideOrder - Last name entered as : Data1
13:21:21.173 [main] INFO  TestGuestCurbsideOrder - Contact Number entered as : (512)242-3434
13:21:33.878 [main] INFO  TestGuestCurbsideOrder - Email address entered as : abcd@qmail.com
13:21:46.624 [main] INFO  TestGuestCurbsideOrder - Vehicle make entered as Toyota
13:21:58.021 [main] INFO  TestGuestCurbsideOrder - Vehicle model entered as : E1346
13:22:06.966 [main] INFO  TestGuestCurbsideOrder - Vehicle Color entered as Blue
13:22:15.647 [main] INFO  TestGuestCurbsideOrder - Payment button clicked
13:22:23.480 [main] INFO  TestGuestCurbsideOrder - Card Number entered as : 4111111111111111
13:22:29.898 [main] INFO  TestGuestCurbsideOrder - CVV entered as : 145
13:22:36.112 [main] INFO  TestGuestCurbsideOrder - Expiration Month selected as : 4
13:22:43.616 [main] INFO  TestGuestCurbsideOrder - Expiration Year selected as : 2025
13:22:50.753 [main] INFO  TestGuestCurbsideOrder - Name on Card entered as : Somnath
13:22:56.789 [main] INFO  TestGuestCurbsideOrder - Billing zip code entered as : 75001
13:23:02.545 [main] INFO  TestGuestCurbsideOrder - Pick up cost displayed as : $10.38
13:23:10.852 [main] INFO  TestGuestCurbsideOrder - Place order button clicked
13:23:25.212 [main] INFO  TestGuestCurbsideOrder - Success message displayed as : THANK YOU FOR ORDERING FROM CHILI'S
13:23:38.513 [main] INFO  TestGuestCurbsideOrder - Order price displayed as  : $10.38
13:32:06.842 [main] INFO  TestGuestCurbsideOrder - ******STARTING TEST GUEST CURBSIDE ORDER******
13:32:07.983 [main] INFO  TestGuestCurbsideOrder - Starting QA site validation
13:32:10.426 [main] INFO  TestGuestCurbsideOrder - QA site launch is successful, Site Name : https://qa3.chilis.com/
13:32:14.833 [main] INFO  TestGuestCurbsideOrder - Pop up closed
13:32:19.547 [main] INFO  TestGuestCurbsideOrder - Menu button clicked
13:32:24.455 [main] INFO  TestGuestCurbsideOrder - Location option selected
13:32:30.788 [main] INFO  TestGuestCurbsideOrder - Restaurant location Addison, TX 75001, USA entered
13:32:35.318 [main] INFO  TestGuestCurbsideOrder - Search button clicked
13:32:52.028 [main] INFO  TestGuestCurbsideOrder - Site scrolled and order button clicked
13:33:03.217 [main] INFO  TestGuestCurbsideOrder - Site scrolled and category Appetizers selected
13:33:12.807 [main] INFO  TestGuestCurbsideOrder - Site scrolled and itemSouthwestern Eggrollsclicked
13:33:21.659 [main] INFO  TestGuestCurbsideOrder - Item added to cart
13:33:30.791 [main] INFO  TestGuestCurbsideOrder - View Cart clicked
13:33:38.736 [main] INFO  TestGuestCurbsideOrder - Order checked Out
13:33:57.960 [main] INFO  TestGuestCurbsideOrder - Site scrolled and Curbside mode is selected
13:34:19.312 [main] INFO  TestGuestCurbsideOrder - 'ASAP' pickup time is selected
13:34:37.702 [main] INFO  TestGuestCurbsideOrder - First name entered as : Test1
13:34:52.685 [main] INFO  TestGuestCurbsideOrder - Last name entered as : Data1
13:35:10.065 [main] INFO  TestGuestCurbsideOrder - Contact Number entered as : (512)242-3434
13:35:27.939 [main] INFO  TestGuestCurbsideOrder - Email address entered as : abcd@qmail.com
13:35:47.946 [main] INFO  TestGuestCurbsideOrder - Vehicle make entered as Toyota
13:36:09.838 [main] INFO  TestGuestCurbsideOrder - Vehicle model entered as : E1346
13:36:26.966 [main] INFO  TestGuestCurbsideOrder - Vehicle Color entered as Blue
13:36:42.807 [main] INFO  TestGuestCurbsideOrder - Payment button clicked
13:36:50.149 [main] INFO  TestGuestCurbsideOrder - Card Number entered as : 4111111111111111
13:36:56.988 [main] INFO  TestGuestCurbsideOrder - CVV entered as : 145
13:37:03.578 [main] INFO  TestGuestCurbsideOrder - Expiration Month selected as : 4
13:37:11.323 [main] INFO  TestGuestCurbsideOrder - Expiration Year selected as : 2025
13:37:18.330 [main] INFO  TestGuestCurbsideOrder - Name on Card entered as : Somnath
13:37:24.478 [main] INFO  TestGuestCurbsideOrder - Billing zip code entered as : 75001
13:37:30.565 [main] INFO  TestGuestCurbsideOrder - Pick up cost displayed as : $10.38
13:37:39.067 [main] INFO  TestGuestCurbsideOrder - Place order button clicked
13:37:53.866 [main] INFO  TestGuestCurbsideOrder - Success message displayed as : THANK YOU FOR ORDERING FROM CHILI'S
13:38:08.450 [main] INFO  TestGuestCurbsideOrder - Order price displayed as  : $10.38
