11:53:55.196 [main] INFO  TestLoggedInOrder - ******STARTING TEST LOGGED IN ORDER******
11:53:57.461 [main] INFO  TestLoggedInOrder - Starting QA site validation
11:53:59.641 [main] INFO  TestLoggedInOrder - QA site launch is successful, Site Name : https://qa3.chilis.com/
11:54:04.025 [main] INFO  TestLoggedInOrder - Pop up closed
11:54:08.503 [main] INFO  TestLoggedInOrder - Menu button clicked
11:54:13.224 [main] INFO  TestLoggedInOrder - Login option selected
11:54:21.817 [main] ERROR TestLoggedInOrder - Could not enter user name
11:54:21.818 [main] ERROR TestLoggedInOrder - unknown error (An unknown server-side error occurred. status='false'. Failed to complete internal method: 'elementSendText args: [WEB, xpath=(//*[cmd:equalsIgnoreCase(@nodeName,'input')][@id='username'])[1], 0, ]', details: )  (WARNING: The server did not provide any stacktrace information)
Command duration or timeout: 0 milliseconds
Build info: version: '3.12.0', revision: '7c6e0b3', time: '2018-05-08T14:04:26.12Z'
System info: host: 'LAPTOP-2HJFJ1OT', ip: '192.168.29.229', os.name: 'Windows 10', os.arch: 'amd64', os.version: '10.0', java.version: '1.8.0_281'
Driver info: io.appium.java_client.android.AndroidDriver
Capabilities {appBuildVersion: , appReleaseVersion: , appiumVersion: 1.8.0, applicationClearData: false, autoAcceptAlerts: false, autoDismissAlerts: false, autoGrantPermissions: false, autoWebview: false, browserName: Chromium, cloudViewLink: https://cloud.seetest.io:44..., commandTimeouts: 120000, desired: {browserName: Chromium, deviceQuery: @os='android' and @version=..., platformName: Android, testName: Quick Start Android Browser...}, device.category: PHONE, device.majorVersion: 8, device.manufacture: samsung, device.model: SM-G930F, device.name: samsung Galaxy S7 IO IL 086, device.os: Android, device.screenSize: 1080x1920, device.serialNumber: 98866742375a394e33, device.version: 8.0.0, deviceQuery: @os='android' and @version=..., deviceUDID: 98866742375a394e33, dontGoHomeOnQuit: false, dontStopAppOnReset: false, ehmPrefixUrl: /agent-6292135, ehmUrl: https://cloud.seetest.io:44..., fullReset: false, gridNodePort: 7874, install.only.for.update: false, installOnlyForUpdate: false, instrumentApp: false, javascriptEnabled: true, keystorePath: ~/.android/debug.keystore, locationServicesAuthorized: false, newSessionWaitTimeout: 600.0, noReset: false, platform: ANDROID, platformName: Android, projectName: , reportDirectory: reports, reportFormat: xml, reportTestId: 1169.0, reportUrl: https://cloud.seetest.io:44..., reservationDuration: 240.0, takeScreenshots: true, test.type: Mobile, testName: Quick Start Android Browser..., udid: 98866742375a394e33, useKeystore: false, waitForDeviceTimeout: 120000.0}
Session ID: CLOUD-SID:2021-06-02_02-23-25-a4f08a03-79d3-4b46-b65d-c3ad94ac08dd
11:56:24.537 [main] INFO  TestLoggedInOrder - ******STARTING TEST LOGGED IN ORDER******
11:56:25.718 [main] INFO  TestLoggedInOrder - Starting QA site validation
11:56:28.259 [main] INFO  TestLoggedInOrder - QA site launch is successful, Site Name : https://qa3.chilis.com/
11:56:34.020 [main] INFO  TestLoggedInOrder - Pop up closed
11:56:38.892 [main] INFO  TestLoggedInOrder - Menu button clicked
11:56:43.817 [main] INFO  TestLoggedInOrder - Login option selected
11:56:52.134 [main] INFO  TestLoggedInOrder - User name (512) 212-1212 entered
11:56:58.913 [main] INFO  TestLoggedInOrder - Password Brinkers@2021 entered
11:57:01.064 [main] INFO  TestLoggedInOrder - Sign in button clicked
11:57:14.480 [main] INFO  TestLoggedInOrder - Menu button clicked
11:57:19.321 [main] INFO  TestLoggedInOrder - Location option selected
11:57:24.983 [main] INFO  TestLoggedInOrder - Restaurant location entered as Addison, TX 75001, USA
11:57:30.535 [main] INFO  TestLoggedInOrder - Search button clicked
11:57:46.335 [main] INFO  TestLoggedInOrder - Site scrolled and order button clicked
11:58:02.480 [main] ERROR TestLoggedInOrder - Failed to select chilis favourite item
11:58:02.481 [main] ERROR TestLoggedInOrder - no such element (An element could not be located on the page using the given search parameters (XPATH='//div[@class='favorite-desc']/following-sibling::div/button'))  (WARNING: The server did not provide any stacktrace information)
Command duration or timeout: 0 milliseconds
For documentation on this error, please visit: http://seleniumhq.org/exceptions/no_such_element.html
Build info: version: '3.12.0', revision: '7c6e0b3', time: '2018-05-08T14:04:26.12Z'
System info: host: 'LAPTOP-2HJFJ1OT', ip: '192.168.29.229', os.name: 'Windows 10', os.arch: 'amd64', os.version: '10.0', java.version: '1.8.0_281'
Driver info: io.appium.java_client.android.AndroidDriver
Capabilities {appBuildVersion: , appReleaseVersion: , appiumVersion: 1.8.0, applicationClearData: false, autoAcceptAlerts: false, autoDismissAlerts: false, autoGrantPermissions: false, autoWebview: false, browserName: Chromium, cloudViewLink: https://cloud.seetest.io:44..., commandTimeouts: 120000, desired: {browserName: Chromium, deviceQuery: @os='android' and @version=..., platformName: Android, testName: Quick Start Android Browser...}, device.category: PHONE, device.majorVersion: 8, device.manufacture: samsung, device.model: SM-G930F, device.name: samsung Galaxy S7 IO IL 086, device.os: Android, device.screenSize: 1080x1920, device.serialNumber: 98866742375a394e33, device.version: 8.0.0, deviceQuery: @os='android' and @version=..., deviceUDID: 98866742375a394e33, dontGoHomeOnQuit: false, dontStopAppOnReset: false, ehmPrefixUrl: /agent-6292135, ehmUrl: https://cloud.seetest.io:44..., fullReset: false, gridNodePort: 7876, install.only.for.update: false, installOnlyForUpdate: false, instrumentApp: false, javascriptEnabled: true, keystorePath: ~/.android/debug.keystore, locationServicesAuthorized: false, newSessionWaitTimeout: 600.0, noReset: false, platform: ANDROID, platformName: Android, projectName: , reportDirectory: reports, reportFormat: xml, reportTestId: 1170.0, reportUrl: https://cloud.seetest.io:44..., reservationDuration: 240.0, takeScreenshots: true, test.type: Mobile, testName: Quick Start Android Browser..., udid: 98866742375a394e33, useKeystore: false, waitForDeviceTimeout: 120000.0}
Session ID: CLOUD-SID:2021-06-02_02-25-52-acde0da5-ac9b-4a4d-bd66-8b37a1852c31
*** Element info: {Using=xpath, value=//div[@class='favorite-desc']/following-sibling::div/button}
12:20:33.929 [main] INFO  TestLoggedInOrder - ******STARTING TEST LOGGED IN ORDER******
12:20:35.770 [main] INFO  TestLoggedInOrder - Starting QA site validation
12:20:38.094 [main] INFO  TestLoggedInOrder - QA site launch is successful, Site Name : https://qa3.chilis.com/
12:20:42.765 [main] INFO  TestLoggedInOrder - Pop up closed
12:20:47.666 [main] INFO  TestLoggedInOrder - Menu button clicked
12:20:52.619 [main] INFO  TestLoggedInOrder - Login option selected
12:21:00.753 [main] INFO  TestLoggedInOrder - User name (512) 212-1212 entered
12:21:07.175 [main] INFO  TestLoggedInOrder - Password Brinkers@2021 entered
12:21:09.429 [main] INFO  TestLoggedInOrder - Sign in button clicked
12:21:21.045 [main] INFO  TestLoggedInOrder - Menu button clicked
12:21:26.189 [main] INFO  TestLoggedInOrder - Location option selected
12:21:32.223 [main] INFO  TestLoggedInOrder - Restaurant location entered as Addison, TX 75001, USA
12:21:38.273 [main] INFO  TestLoggedInOrder - Search button clicked
12:21:55.135 [main] INFO  TestLoggedInOrder - Site scrolled and order button clicked
12:22:10.436 [main] ERROR TestLoggedInOrder - Failed to select chilis favourite item
12:22:10.437 [main] ERROR TestLoggedInOrder - no such element (An element could not be located on the page using the given search parameters (XPATH='//*[text()='Add to order']'))  (WARNING: The server did not provide any stacktrace information)
Command duration or timeout: 0 milliseconds
For documentation on this error, please visit: http://seleniumhq.org/exceptions/no_such_element.html
Build info: version: '3.12.0', revision: '7c6e0b3', time: '2018-05-08T14:04:26.12Z'
System info: host: 'LAPTOP-2HJFJ1OT', ip: '192.168.29.229', os.name: 'Windows 10', os.arch: 'amd64', os.version: '10.0', java.version: '1.8.0_281'
Driver info: io.appium.java_client.android.AndroidDriver
Capabilities {appBuildVersion: , appReleaseVersion: , appiumVersion: 1.8.0, applicationClearData: false, autoAcceptAlerts: false, autoDismissAlerts: false, autoGrantPermissions: false, autoWebview: false, browserName: Chromium, cloudViewLink: https://cloud.seetest.io:44..., commandTimeouts: 120000, desired: {browserName: Chromium, deviceQuery: @os='android' and @version=..., platformName: Android, testName: Quick Start Android Browser...}, device.category: PHONE, device.majorVersion: 8, device.manufacture: samsung, device.model: SM-G930F, device.name: samsung Galaxy S7 IO IL 086, device.os: Android, device.screenSize: 1080x1920, device.serialNumber: 98866742375a394e33, device.version: 8.0.0, deviceQuery: @os='android' and @version=..., deviceUDID: 98866742375a394e33, dontGoHomeOnQuit: false, dontStopAppOnReset: false, ehmPrefixUrl: /agent-6292135, ehmUrl: https://cloud.seetest.io:44..., fullReset: false, gridNodePort: 7789, install.only.for.update: false, installOnlyForUpdate: false, instrumentApp: false, javascriptEnabled: true, keystorePath: ~/.android/debug.keystore, locationServicesAuthorized: false, newSessionWaitTimeout: 600.0, noReset: false, platform: ANDROID, platformName: Android, projectName: , reportDirectory: reports, reportFormat: xml, reportTestId: 1174.0, reportUrl: https://cloud.seetest.io:44..., reservationDuration: 240.0, takeScreenshots: true, test.type: Mobile, testName: Quick Start Android Browser..., udid: 98866742375a394e33, useKeystore: false, waitForDeviceTimeout: 120000.0}
Session ID: CLOUD-SID:2021-06-02_02-50-05-8eb8ba41-306c-4032-8907-db1ac3c6765c
*** Element info: {Using=xpath, value=//*[text()='Add to order']}
12:45:55.481 [main] INFO  TestLoggedInOrder - ******STARTING TEST LOGGED IN ORDER******
12:45:57.099 [main] INFO  TestLoggedInOrder - Starting QA site validation
12:45:59.354 [main] INFO  TestLoggedInOrder - QA site launch is successful, Site Name : https://qa3.chilis.com/
12:46:03.894 [main] INFO  TestLoggedInOrder - Pop up closed
12:46:08.552 [main] INFO  TestLoggedInOrder - Menu button clicked
12:46:13.661 [main] INFO  TestLoggedInOrder - Login option selected
12:46:22.548 [main] ERROR TestLoggedInOrder - Could not enter user name
12:46:22.549 [main] ERROR TestLoggedInOrder - unknown error (An unknown server-side error occurred. status='false'. Failed to complete internal method: 'elementSendText args: [WEB, xpath=(//*[cmd:equalsIgnoreCase(@nodeName,'input')][@id='username'])[1], 0, ]', details: )  (WARNING: The server did not provide any stacktrace information)
Command duration or timeout: 0 milliseconds
Build info: version: '3.12.0', revision: '7c6e0b3', time: '2018-05-08T14:04:26.12Z'
System info: host: 'LAPTOP-2HJFJ1OT', ip: '192.168.29.229', os.name: 'Windows 10', os.arch: 'amd64', os.version: '10.0', java.version: '1.8.0_281'
Driver info: io.appium.java_client.android.AndroidDriver
Capabilities {appBuildVersion: , appReleaseVersion: , appiumVersion: 1.8.0, applicationClearData: false, autoAcceptAlerts: false, autoDismissAlerts: false, autoGrantPermissions: false, autoWebview: false, browserName: Chromium, cloudViewLink: https://cloud.seetest.io:44..., commandTimeouts: 120000, desired: {browserName: Chromium, deviceQuery: @os='android' and @version=..., platformName: Android, testName: Quick Start Android Browser...}, device.category: PHONE, device.majorVersion: 8, device.manufacture: samsung, device.model: SM-G930F, device.name: samsung Galaxy S7 IO IL 086, device.os: Android, device.screenSize: 1080x1920, device.serialNumber: 98866742375a394e33, device.version: 8.0.0, deviceQuery: @os='android' and @version=..., deviceUDID: 98866742375a394e33, dontGoHomeOnQuit: false, dontStopAppOnReset: false, ehmPrefixUrl: /agent-6292135, ehmUrl: https://cloud.seetest.io:44..., fullReset: false, gridNodePort: 7804, install.only.for.update: false, installOnlyForUpdate: false, instrumentApp: false, javascriptEnabled: true, keystorePath: ~/.android/debug.keystore, locationServicesAuthorized: false, newSessionWaitTimeout: 600.0, noReset: false, platform: ANDROID, platformName: Android, projectName: , reportDirectory: reports, reportFormat: xml, reportTestId: 1175.0, reportUrl: https://cloud.seetest.io:44..., reservationDuration: 240.0, takeScreenshots: true, test.type: Mobile, testName: Quick Start Android Browser..., udid: 98866742375a394e33, useKeystore: false, waitForDeviceTimeout: 120000.0}
Session ID: CLOUD-SID:2021-06-02_03-15-25-dbe1262b-390e-487f-a9aa-5a321018d2ca
12:47:14.232 [main] INFO  TestLoggedInOrder - ******STARTING TEST LOGGED IN ORDER******
12:47:15.532 [main] INFO  TestLoggedInOrder - Starting QA site validation
12:47:18.894 [main] INFO  TestLoggedInOrder - QA site launch is successful, Site Name : https://qa3.chilis.com/
12:47:23.084 [main] INFO  TestLoggedInOrder - Pop up closed
12:47:27.705 [main] INFO  TestLoggedInOrder - Menu button clicked
12:47:32.479 [main] INFO  TestLoggedInOrder - Login option selected
12:47:40.752 [main] INFO  TestLoggedInOrder - User name (512) 212-1212 entered
12:47:46.732 [main] INFO  TestLoggedInOrder - Password Brinkers@2021 entered
12:47:48.986 [main] INFO  TestLoggedInOrder - Sign in button clicked
12:48:00.907 [main] INFO  TestLoggedInOrder - Menu button clicked
12:48:05.883 [main] INFO  TestLoggedInOrder - Location option selected
12:48:11.823 [main] INFO  TestLoggedInOrder - Restaurant location entered as Addison, TX 75001, USA
12:48:17.161 [main] INFO  TestLoggedInOrder - Search button clicked
12:48:33.334 [main] INFO  TestLoggedInOrder - Site scrolled and order button clicked
12:48:49.559 [main] INFO  TestLoggedInOrder - Chilis favourite Item Original Full Order Ribs selected
12:49:19.080 [main] ERROR TestLoggedInOrder - Failed to click View Cart
12:49:19.081 [main] ERROR TestLoggedInOrder - Expected condition failed: waiting for element to be clickable: By.xpath: //a[@id='mini-cart-view-upsell'] (tried for 15 second(s) with 500 milliseconds interval)
13:06:28.599 [main] INFO  TestLoggedInOrder - ******STARTING TEST LOGGED IN ORDER******
13:06:30.252 [main] INFO  TestLoggedInOrder - Starting QA site validation
13:06:32.663 [main] INFO  TestLoggedInOrder - QA site launch is successful, Site Name : https://qa3.chilis.com/
13:06:37.081 [main] INFO  TestLoggedInOrder - Pop up closed
13:06:41.981 [main] INFO  TestLoggedInOrder - Menu button clicked
13:06:47.101 [main] INFO  TestLoggedInOrder - Login option selected
13:06:56.418 [main] INFO  TestLoggedInOrder - User name (512) 212-1212 entered
13:07:02.461 [main] INFO  TestLoggedInOrder - Password Brinkers@2021 entered
13:07:04.918 [main] INFO  TestLoggedInOrder - Sign in button clicked
13:07:18.128 [main] INFO  TestLoggedInOrder - Menu button clicked
13:07:23.042 [main] INFO  TestLoggedInOrder - Location option selected
13:07:30.211 [main] INFO  TestLoggedInOrder - Restaurant location entered as Addison, TX 75001, USA
13:07:36.049 [main] INFO  TestLoggedInOrder - Search button clicked
13:07:51.921 [main] INFO  TestLoggedInOrder - Site scrolled and order button clicked
13:08:09.840 [main] INFO  TestLoggedInOrder - Chilis favourite Item Original Full Order Ribs selected
13:08:37.790 [main] ERROR TestLoggedInOrder - Failed to click View Cart
13:08:37.791 [main] ERROR TestLoggedInOrder - Expected condition failed: waiting for element to be clickable: By.xpath: //a[@id='mini-cart-view-upsell'] (tried for 15 second(s) with 500 milliseconds interval)
13:20:56.153 [main] INFO  TestLoggedInOrder - ******STARTING TEST LOGGED IN ORDER******
13:20:57.619 [main] INFO  TestLoggedInOrder - Starting QA site validation
13:20:59.899 [main] INFO  TestLoggedInOrder - QA site launch is successful, Site Name : https://qa3.chilis.com/
13:21:04.712 [main] INFO  TestLoggedInOrder - Pop up closed
13:21:09.628 [main] INFO  TestLoggedInOrder - Menu button clicked
13:21:14.960 [main] INFO  TestLoggedInOrder - Login option selected
13:21:24.783 [main] INFO  TestLoggedInOrder - User name (512) 212-1212 entered
13:21:31.748 [main] INFO  TestLoggedInOrder - Password Brinkers@2021 entered
13:21:34.203 [main] INFO  TestLoggedInOrder - Sign in button clicked
13:21:46.081 [main] INFO  TestLoggedInOrder - Menu button clicked
13:21:51.100 [main] INFO  TestLoggedInOrder - Location option selected
13:21:57.704 [main] INFO  TestLoggedInOrder - Restaurant location entered as Addison, TX 75001, USA
13:22:03.183 [main] INFO  TestLoggedInOrder - Search button clicked
13:22:19.566 [main] INFO  TestLoggedInOrder - Site scrolled and order button clicked
13:22:48.189 [main] ERROR TestLoggedInOrder - Failed to select chilis favourite item
13:22:48.190 [main] ERROR TestLoggedInOrder - Index: 1, Size: 0
13:24:44.820 [main] INFO  TestLoggedInOrder - ******STARTING TEST LOGGED IN ORDER******
13:24:45.808 [main] INFO  TestLoggedInOrder - Starting QA site validation
13:24:48.150 [main] INFO  TestLoggedInOrder - QA site launch is successful, Site Name : https://qa3.chilis.com/
13:24:52.860 [main] INFO  TestLoggedInOrder - Pop up closed
13:24:57.880 [main] INFO  TestLoggedInOrder - Menu button clicked
13:25:02.895 [main] INFO  TestLoggedInOrder - Login option selected
13:25:10.985 [main] INFO  TestLoggedInOrder - User name (512) 212-1212 entered
13:25:17.948 [main] INFO  TestLoggedInOrder - Password Brinkers@2021 entered
13:25:20.409 [main] INFO  TestLoggedInOrder - Sign in button clicked
13:25:31.260 [main] INFO  TestLoggedInOrder - Menu button clicked
13:25:36.584 [main] INFO  TestLoggedInOrder - Location option selected
13:25:42.044 [main] INFO  TestLoggedInOrder - Restaurant location entered as Addison, TX 75001, USA
13:25:48.156 [main] INFO  TestLoggedInOrder - Search button clicked
13:26:04.131 [main] INFO  TestLoggedInOrder - Site scrolled and order button clicked
13:26:25.020 [main] INFO  TestLoggedInOrder - Chilis favourite Item Original Full Order Ribs selected
13:26:53.914 [main] ERROR TestLoggedInOrder - Failed to click View Cart
13:26:53.914 [main] ERROR TestLoggedInOrder - Expected condition failed: waiting for element to be clickable: By.xpath: //a[@id='mini-cart-view-upsell'] (tried for 15 second(s) with 500 milliseconds interval)
13:44:21.493 [main] INFO  TestLoggedInOrder - ******STARTING TEST LOGGED IN ORDER******
13:44:22.570 [main] INFO  TestLoggedInOrder - Starting QA site validation
13:44:24.741 [main] INFO  TestLoggedInOrder - QA site launch is successful, Site Name : https://qa3.chilis.com/
13:44:28.941 [main] INFO  TestLoggedInOrder - Pop up closed
13:44:33.854 [main] INFO  TestLoggedInOrder - Menu button clicked
13:44:39.075 [main] INFO  TestLoggedInOrder - Login option selected
13:44:48.293 [main] INFO  TestLoggedInOrder - User name (512) 212-1212 entered
13:44:54.494 [main] INFO  TestLoggedInOrder - Password Brinkers@2021 entered
13:44:56.894 [main] INFO  TestLoggedInOrder - Sign in button clicked
13:45:09.386 [main] INFO  TestLoggedInOrder - Menu button clicked
13:45:14.814 [main] INFO  TestLoggedInOrder - Location option selected
13:45:21.778 [main] INFO  TestLoggedInOrder - Restaurant location entered as Addison, TX 75001, USA
13:45:27.923 [main] INFO  TestLoggedInOrder - Search button clicked
13:45:42.803 [main] INFO  TestLoggedInOrder - Site scrolled and order button clicked
13:46:01.918 [main] INFO  TestLoggedInOrder - Chilis favourite Item Original Full Order Ribs selected
13:46:14.308 [main] INFO  TestLoggedInOrder - View Cart clicked
13:46:24.140 [main] INFO  TestLoggedInOrder - Silver ware opted in
13:46:29.669 [main] INFO  TestLoggedInOrder - Order checked Out
13:46:42.844 [main] INFO  TestLoggedInOrder - Payment button clicked
13:46:51.378 [main] INFO  TestLoggedInOrder - Card Number entered as : 4111111111111111
13:47:06.952 [main] ERROR TestLoggedInOrder - Failed to select Expiration Month
13:47:06.953 [main] ERROR TestLoggedInOrder - Expected condition failed: waiting for element to be clickable: By.xpath: //*[@id='month-selector'] (tried for 15 second(s) with 500 milliseconds interval)
Build info: version: '3.12.0', revision: '7c6e0b3', time: '2018-05-08T14:04:26.12Z'
System info: host: 'LAPTOP-2HJFJ1OT', ip: '192.168.29.229', os.name: 'Windows 10', os.arch: 'amd64', os.version: '10.0', java.version: '1.8.0_281'
Driver info: io.appium.java_client.android.AndroidDriver
Capabilities {appBuildVersion: , appReleaseVersion: , appiumVersion: 1.8.0, applicationClearData: false, autoAcceptAlerts: false, autoDismissAlerts: false, autoGrantPermissions: false, autoWebview: false, browserName: Chromium, cloudViewLink: https://cloud.seetest.io:44..., commandTimeouts: 120000, desired: {browserName: Chromium, deviceQuery: @os='android' and @version=..., platformName: Android, testName: Quick Start Android Browser...}, device.category: PHONE, device.majorVersion: 8, device.manufacture: samsung, device.model: SM-G930F, device.name: samsung Galaxy S7 IO IL 086, device.os: Android, device.screenSize: 1080x1920, device.serialNumber: 98866742375a394e33, device.version: 8.0.0, deviceQuery: @os='android' and @version=..., deviceUDID: 98866742375a394e33, dontGoHomeOnQuit: false, dontStopAppOnReset: false, ehmPrefixUrl: /agent-6292135, ehmUrl: https://cloud.seetest.io:44..., fullReset: false, gridNodePort: 7823, install.only.for.update: false, installOnlyForUpdate: false, instrumentApp: false, javascriptEnabled: true, keystorePath: ~/.android/debug.keystore, locationServicesAuthorized: false, newSessionWaitTimeout: 600.0, noReset: false, platform: ANDROID, platformName: Android, projectName: , reportDirectory: reports, reportFormat: xml, reportTestId: 1183.0, reportUrl: https://cloud.seetest.io:44..., reservationDuration: 240.0, takeScreenshots: true, test.type: Mobile, testName: Quick Start Android Browser..., udid: 98866742375a394e33, useKeystore: false, waitForDeviceTimeout: 120000.0}
Session ID: CLOUD-SID:2021-06-02_04-13-52-253c4623-c2a5-4aa0-bc44-8d9b40a355fd
21:42:46.451 [main] INFO  TestFavouriteItems - ******Starting to verify Favorites items is displaying on menu page******
21:43:20.104 [main] INFO  TestLocationSearch - ******Starting to validate location search fields and links for guest user******
21:43:56.611 [main] INFO  TestLoginLogout - ******Starting to Validate Login and Logout functionality of Chilis WebApp******
21:45:22.674 [main] INFO  TestRewards - ******Starting to validate Rewards details page for logged in user******
21:46:15.911 [main] INFO  TestUpdateAccount - ******Starting to validate user is able to update my Account******
21:53:38.856 [main] INFO  TestFavouriteItems - ******Starting to verify Favorites items is displaying on menu page******
21:53:39.868 [main] INFO  TestFavouriteItems - Starting QA site validation
21:53:41.870 [main] INFO  TestFavouriteItems - QA site launch is successful, Site Name : https://qa3.chilis.com/
21:53:45.924 [main] INFO  TestFavouriteItems - Pop up closed
21:53:50.461 [main] INFO  TestFavouriteItems - Menu button clicked
21:53:55.212 [main] INFO  TestFavouriteItems - Login option selected
21:54:04.751 [main] INFO  TestFavouriteItems - User name (512) 212-1212 entered
21:54:12.341 [main] ERROR TestFavouriteItems - Could not enter password
21:54:12.341 [main] ERROR TestFavouriteItems - unknown error (An unknown server-side error occurred. status='false'. Failed to complete internal method: 'elementSendText args: [WEB, xpath=(//*[cmd:equalsIgnoreCase(@nodeName,'input')][@id='password'])[1], 0, ]', details: )  (WARNING: The server did not provide any stacktrace information)
Command duration or timeout: 0 milliseconds
Build info: version: '3.12.0', revision: '7c6e0b3', time: '2018-05-08T14:04:26.12Z'
System info: host: 'LAPTOP-2HJFJ1OT', ip: '192.168.29.229', os.name: 'Windows 10', os.arch: 'amd64', os.version: '10.0', java.version: '1.8.0_281'
Driver info: io.appium.java_client.android.AndroidDriver
Capabilities {appBuildVersion: , appReleaseVersion: , appiumVersion: 1.8.0, applicationClearData: false, autoAcceptAlerts: false, autoDismissAlerts: false, autoGrantPermissions: false, autoWebview: false, browserName: Chromium, cloudViewLink: https://cloud.seetest.io:44..., commandTimeouts: 120000, desired: {browserName: Chromium, deviceQuery: @os='android' and @version=..., platformName: Android, testName: Quick Start Android Browser...}, device.category: PHONE, device.majorVersion: 8, device.manufacture: samsung, device.model: SM-G930F, device.name: samsung Galaxy S7 IO IL 086, device.os: Android, device.screenSize: 1080x1920, device.serialNumber: 98866742375a394e33, device.version: 8.0.0, deviceQuery: @os='android' and @version=..., deviceUDID: 98866742375a394e33, dontGoHomeOnQuit: false, dontStopAppOnReset: false, ehmPrefixUrl: /agent-6292135, ehmUrl: https://cloud.seetest.io:44..., fullReset: false, gridNodePort: 7869, install.only.for.update: false, installOnlyForUpdate: false, instrumentApp: false, javascriptEnabled: true, keystorePath: ~/.android/debug.keystore, locationServicesAuthorized: false, newSessionWaitTimeout: 600.0, noReset: false, platform: ANDROID, platformName: Android, projectName: , reportDirectory: reports, reportFormat: xml, reportTestId: 1216.0, reportUrl: https://cloud.seetest.io:44..., reservationDuration: 240.0, takeScreenshots: true, test.type: Mobile, testName: Quick Start Android Browser..., udid: 98866742375a394e33, useKeystore: false, waitForDeviceTimeout: 120000.0}
Session ID: CLOUD-SID:2021-06-02_12-23-11-8919a1a3-8ab6-4f2f-a592-88f29499588e
21:54:46.626 [main] INFO  TestLocationSearch - ******Starting to validate location search fields and links for guest user******
21:54:46.763 [main] INFO  TestLocationSearch - Starting QA site validation
21:54:49.262 [main] INFO  TestLocationSearch - QA site launch is successful, Site Name : https://qa3.chilis.com/
21:54:53.309 [main] INFO  TestLocationSearch - Pop up closed
21:54:57.752 [main] INFO  TestLocationSearch - Menu button clicked
21:55:02.169 [main] INFO  TestLocationSearch - Location option selected
21:55:07.444 [main] INFO  TestLocationSearch - Restaurant location Addison, TX 75001, USA entered
21:55:12.512 [main] INFO  TestLocationSearch - Search button clicked
21:55:19.495 [main] INFO  TestLocationSearch - Restaurant name CHILI'S RESTAURANTS IN ADDISON, TEXAS is displayed
21:58:55.593 [main] INFO  TestLoginLogout - ******Starting to Validate Login and Logout functionality of Chilis WebApp******
21:58:55.671 [main] INFO  TestLoginLogout - Starting QA site validation
21:59:57.888 [main] ERROR TestLoginLogout - QA site launch failed
21:59:57.888 [main] ERROR TestLoginLogout - Expected condition failed: waiting for presence of element located by: By.className: close-btn (tried for 15 second(s) with 500 milliseconds interval)
22:01:16.500 [main] INFO  TestRewards - ******Starting to validate Rewards details page for logged in user******
22:01:16.568 [main] INFO  TestRewards - Starting QA site validation
22:01:18.847 [main] INFO  TestRewards - QA site launch is successful, Site Name : https://qa3.chilis.com/
22:01:23.066 [main] INFO  TestRewards - Pop up closed
22:01:27.834 [main] INFO  TestRewards - Menu button clicked
22:01:32.851 [main] INFO  TestRewards - Login option selected
22:01:41.987 [main] INFO  TestRewards - User name (512) 212-1212 entered
22:01:48.159 [main] INFO  TestRewards - Password Brinkers@2021 entered
22:01:50.516 [main] INFO  TestRewards - Sign in button clicked
22:02:01.830 [main] INFO  TestRewards - Displayed rewards count obtained : 1
22:02:02.941 [main] INFO  TestRewards - Actual rewards count obtained
22:02:03.965 [main] INFO  TestRewards - Reward Titles :
22:02:07.262 [main] INFO  TestRewards - FREE CHIPS & SALSA OR NON-ALCOHOLIC BEVERAGE
22:02:07.262 [main] INFO  TestRewards - Reward Titles displayed
22:02:44.358 [main] INFO  TestUpdateAccount - ******Starting to validate user is able to update my Account******
22:02:44.431 [main] INFO  TestUpdateAccount - Starting QA site validation
22:02:46.843 [main] INFO  TestUpdateAccount - QA site launch is successful, Site Name : https://qa3.chilis.com/
22:02:51.309 [main] INFO  TestUpdateAccount - Pop up closed
22:02:55.910 [main] INFO  TestUpdateAccount - Menu button clicked
22:03:01.198 [main] INFO  TestUpdateAccount - Login option selected
22:03:12.633 [main] ERROR TestUpdateAccount - Could not enter user name
22:03:12.634 [main] ERROR TestUpdateAccount - unknown error (An unknown server-side error occurred. status='false'. Failed to complete internal method: 'elementSendText args: [WEB, xpath=(//*[cmd:equalsIgnoreCase(@nodeName,'input')][@id='username'])[1], 0, ]', details: )  (WARNING: The server did not provide any stacktrace information)
Command duration or timeout: 0 milliseconds
Build info: version: '3.12.0', revision: '7c6e0b3', time: '2018-05-08T14:04:26.12Z'
System info: host: 'LAPTOP-2HJFJ1OT', ip: '192.168.29.229', os.name: 'Windows 10', os.arch: 'amd64', os.version: '10.0', java.version: '1.8.0_281'
Driver info: io.appium.java_client.android.AndroidDriver
Capabilities {appBuildVersion: , appReleaseVersion: , appiumVersion: 1.8.0, applicationClearData: false, autoAcceptAlerts: false, autoDismissAlerts: false, autoGrantPermissions: false, autoWebview: false, browserName: Chromium, cloudViewLink: https://cloud.seetest.io:44..., commandTimeouts: 120000, desired: {browserName: Chromium, deviceQuery: @os='android' and @version=..., platformName: Android, testName: Quick Start Android Browser...}, device.category: PHONE, device.majorVersion: 8, device.manufacture: samsung, device.model: SM-G930F, device.name: samsung Galaxy S7 IO IL 086, device.os: Android, device.screenSize: 1080x1920, device.serialNumber: 98866742375a394e33, device.version: 8.0.0, deviceQuery: @os='android' and @version=..., deviceUDID: 98866742375a394e33, dontGoHomeOnQuit: false, dontStopAppOnReset: false, ehmPrefixUrl: /agent-6292135, ehmUrl: https://cloud.seetest.io:44..., fullReset: false, gridNodePort: 7871, install.only.for.update: false, installOnlyForUpdate: false, instrumentApp: false, javascriptEnabled: true, keystorePath: ~/.android/debug.keystore, locationServicesAuthorized: false, newSessionWaitTimeout: 600.0, noReset: false, platform: ANDROID, platformName: Android, projectName: , reportDirectory: reports, reportFormat: xml, reportTestId: 1220.0, reportUrl: https://cloud.seetest.io:44..., reservationDuration: 240.0, takeScreenshots: true, test.type: Mobile, testName: Quick Start Android Browser..., udid: 98866742375a394e33, useKeystore: false, waitForDeviceTimeout: 120000.0}
Session ID: CLOUD-SID:2021-06-02_12-32-16-9e105284-545a-49dd-a79a-23626f22b5ea
